[2018-10-14 13:53:16] production.ERROR: PDOException: SQLSTATE[HY000] [2002] Aucune connexion n’a pu être établie car l’ordinateur cible l’a expressément refusée.
 in C:\Users\ad\Desktop\rattrapage_f2i\Atypik_House_v1\vendor\doctrine\dbal\lib\Doctrine\DBAL\Driver\PDOConnection.php:46
Stack trace:
#0 C:\Users\ad\Desktop\rattrapage_f2i\Atypik_House_v1\vendor\doctrine\dbal\lib\Doctrine\DBAL\Driver\PDOConnection.php(46): PDO->__construct('mysql:host=127....', 'forge', '', Array)
#1 C:\Users\ad\Desktop\rattrapage_f2i\Atypik_House_v1\vendor\laravel\framework\src\Illuminate\Database\Connectors\Connector.php(65): Doctrine\DBAL\Driver\PDOConnection->__construct('mysql:host=127....', 'forge', '', Array)
#2 C:\Users\ad\Desktop\rattrapage_f2i\Atypik_House_v1\vendor\laravel\framework\src\Illuminate\Database\Connectors\Connector.php(44): Illuminate\Database\Connectors\Connector->createPdoConnection('mysql:host=127....', 'forge', '', Array)
#3 C:\Users\ad\Desktop\rattrapage_f2i\Atypik_House_v1\vendor\laravel\framework\src\Illuminate\Database\Connectors\MySqlConnector.php(24): Illuminate\Database\Connectors\Connector->createConnection('mysql:host=127....', Array, Array)
#4 C:\Users\ad\Desktop\rattrapage_f2i\Atypik_House_v1\vendor\laravel\framework\src\Illuminate\Database\Connectors\ConnectionFactory.php(183): Illuminate\Database\Connectors\MySqlConnector->connect(Array)
#5 [internal function]: Illuminate\Database\Connectors\ConnectionFactory->Illuminate\Database\Connectors\{closure}()
#6 C:\Users\ad\Desktop\rattrapage_f2i\Atypik_House_v1\vendor\laravel\framework\src\Illuminate\Database\Connection.php(883): call_user_func(Object(Closure))
#7 C:\Users\ad\Desktop\rattrapage_f2i\Atypik_House_v1\vendor\laravel\framework\src\Illuminate\Database\Connection.php(904): Illuminate\Database\Connection->getPdo()
#8 C:\Users\ad\Desktop\rattrapage_f2i\Atypik_House_v1\vendor\laravel\framework\src\Illuminate\Database\Connection.php(392): Illuminate\Database\Connection->getReadPdo()
#9 C:\Users\ad\Desktop\rattrapage_f2i\Atypik_House_v1\vendor\laravel\framework\src\Illuminate\Database\Connection.php(318): Illuminate\Database\Connection->getPdoForSelect(true)
#10 C:\Users\ad\Desktop\rattrapage_f2i\Atypik_House_v1\vendor\laravel\framework\src\Illuminate\Database\Connection.php(640): Illuminate\Database\Connection->Illuminate\Database\{closure}('select * from `...', Array)
#11 C:\Users\ad\Desktop\rattrapage_f2i\Atypik_House_v1\vendor\laravel\framework\src\Illuminate\Database\Connection.php(607): Illuminate\Database\Connection->runQueryCallback('select * from `...', Array, Object(Closure))
#12 C:\Users\ad\Desktop\rattrapage_f2i\Atypik_House_v1\vendor\laravel\framework\src\Illuminate\Database\Connection.php(326): Illuminate\Database\Connection->run('select * from `...', Array, Object(Closure))
#13 C:\Users\ad\Desktop\rattrapage_f2i\Atypik_House_v1\vendor\laravel\framework\src\Illuminate\Database\Query\Builder.php(1705): Illuminate\Database\Connection->select('select * from `...', Array, true)
#14 C:\Users\ad\Desktop\rattrapage_f2i\Atypik_House_v1\vendor\laravel\framework\src\Illuminate\Database\Query\Builder.php(1690): Illuminate\Database\Query\Builder->runSelect()
#15 C:\Users\ad\Desktop\rattrapage_f2i\Atypik_House_v1\vendor\laravel\framework\src\Illuminate\Database\Eloquent\Builder.php(462): Illuminate\Database\Query\Builder->get(Array)
#16 C:\Users\ad\Desktop\rattrapage_f2i\Atypik_House_v1\vendor\laravel\framework\src\Illuminate\Database\Eloquent\Builder.php(446): Illuminate\Database\Eloquent\Builder->getModels(Array)
#17 C:\Users\ad\Desktop\rattrapage_f2i\Atypik_House_v1\vendor\laravel\framework\src\Illuminate\Database\Eloquent\Model.php(347): Illuminate\Database\Eloquent\Builder->get(Array)
#18 C:\Users\ad\Desktop\rattrapage_f2i\Atypik_House_v1\app\Providers\AppServiceProvider.php(25): Illuminate\Database\Eloquent\Model::all()
#19 [internal function]: App\Providers\AppServiceProvider->boot()
#20 C:\Users\ad\Desktop\rattrapage_f2i\Atypik_House_v1\vendor\laravel\framework\src\Illuminate\Container\BoundMethod.php(29): call_user_func_array(Array, Array)
#21 C:\Users\ad\Desktop\rattrapage_f2i\Atypik_House_v1\vendor\laravel\framework\src\Illuminate\Container\BoundMethod.php(87): Illuminate\Container\BoundMethod::Illuminate\Container\{closure}()
#22 C:\Users\ad\Desktop\rattrapage_f2i\Atypik_House_v1\vendor\laravel\framework\src\Illuminate\Container\BoundMethod.php(31): Illuminate\Container\BoundMethod::callBoundMethod(Object(Illuminate\Foundation\Application), Array, Object(Closure))
#23 C:\Users\ad\Desktop\rattrapage_f2i\Atypik_House_v1\vendor\laravel\framework\src\Illuminate\Container\Container.php(539): Illuminate\Container\BoundMethod::call(Object(Illuminate\Foundation\Application), Array, Array, NULL)
#24 C:\Users\ad\Desktop\rattrapage_f2i\Atypik_House_v1\vendor\laravel\framework\src\Illuminate\Foundation\Application.php(788): Illuminate\Container\Container->call(Array)
#25 C:\Users\ad\Desktop\rattrapage_f2i\Atypik_House_v1\vendor\laravel\framework\src\Illuminate\Foundation\Application.php(771): Illuminate\Foundation\Application->bootProvider(Object(App\Providers\AppServiceProvider))
#26 [internal function]: Illuminate\Foundation\Application->Illuminate\Foundation\{closure}(Object(App\Providers\AppServiceProvider), 15)
#27 C:\Users\ad\Desktop\rattrapage_f2i\Atypik_House_v1\vendor\laravel\framework\src\Illuminate\Foundation\Application.php(772): array_walk(Array, Object(Closure))
#28 C:\Users\ad\Desktop\rattrapage_f2i\Atypik_House_v1\vendor\laravel\framework\src\Illuminate\Foundation\Bootstrap\BootProviders.php(17): Illuminate\Foundation\Application->boot()
#29 C:\Users\ad\Desktop\rattrapage_f2i\Atypik_House_v1\vendor\laravel\framework\src\Illuminate\Foundation\Application.php(208): Illuminate\Foundation\Bootstrap\BootProviders->bootstrap(Object(Illuminate\Foundation\Application))
#30 C:\Users\ad\Desktop\rattrapage_f2i\Atypik_House_v1\vendor\laravel\framework\src\Illuminate\Foundation\Console\Kernel.php(267): Illuminate\Foundation\Application->bootstrapWith(Array)
#31 C:\Users\ad\Desktop\rattrapage_f2i\Atypik_House_v1\vendor\laravel\framework\src\Illuminate\Foundation\Console\Kernel.php(114): Illuminate\Foundation\Console\Kernel->bootstrap()
#32 C:\Users\ad\Desktop\rattrapage_f2i\Atypik_House_v1\artisan(35): Illuminate\Foundation\Console\Kernel->handle(Object(Symfony\Component\Console\Input\ArgvInput), Object(Symfony\Component\Console\Output\ConsoleOutput))
#33 {main}

Next Doctrine\DBAL\Driver\PDOException: SQLSTATE[HY000] [2002] Aucune connexion n’a pu être établie car l’ordinateur cible l’a expressément refusée.
 in C:\Users\ad\Desktop\rattrapage_f2i\Atypik_House_v1\vendor\doctrine\dbal\lib\Doctrine\DBAL\Driver\PDOConnection.php:50
Stack trace:
#0 C:\Users\ad\Desktop\rattrapage_f2i\Atypik_House_v1\vendor\laravel\framework\src\Illuminate\Database\Connectors\Connector.php(65): Doctrine\DBAL\Driver\PDOConnection->__construct('mysql:host=127....', 'forge', '', Array)
#1 C:\Users\ad\Desktop\rattrapage_f2i\Atypik_House_v1\vendor\laravel\framework\src\Illuminate\Database\Connectors\Connector.php(44): Illuminate\Database\Connectors\Connector->createPdoConnection('mysql:host=127....', 'forge', '', Array)
#2 C:\Users\ad\Desktop\rattrapage_f2i\Atypik_House_v1\vendor\laravel\framework\src\Illuminate\Database\Connectors\MySqlConnector.php(24): Illuminate\Database\Connectors\Connector->createConnection('mysql:host=127....', Array, Array)
#3 C:\Users\ad\Desktop\rattrapage_f2i\Atypik_House_v1\vendor\laravel\framework\src\Illuminate\Database\Connectors\ConnectionFactory.php(183): Illuminate\Database\Connectors\MySqlConnector->connect(Array)
#4 [internal function]: Illuminate\Database\Connectors\ConnectionFactory->Illuminate\Database\Connectors\{closure}()
#5 C:\Users\ad\Desktop\rattrapage_f2i\Atypik_House_v1\vendor\laravel\framework\src\Illuminate\Database\Connection.php(883): call_user_func(Object(Closure))
#6 C:\Users\ad\Desktop\rattrapage_f2i\Atypik_House_v1\vendor\laravel\framework\src\Illuminate\Database\Connection.php(904): Illuminate\Database\Connection->getPdo()
#7 C:\Users\ad\Desktop\rattrapage_f2i\Atypik_House_v1\vendor\laravel\framework\src\Illuminate\Database\Connection.php(392): Illuminate\Database\Connection->getReadPdo()
#8 C:\Users\ad\Desktop\rattrapage_f2i\Atypik_House_v1\vendor\laravel\framework\src\Illuminate\Database\Connection.php(318): Illuminate\Database\Connection->getPdoForSelect(true)
#9 C:\Users\ad\Desktop\rattrapage_f2i\Atypik_House_v1\vendor\laravel\framework\src\Illuminate\Database\Connection.php(640): Illuminate\Database\Connection->Illuminate\Database\{closure}('select * from `...', Array)
#10 C:\Users\ad\Desktop\rattrapage_f2i\Atypik_House_v1\vendor\laravel\framework\src\Illuminate\Database\Connection.php(607): Illuminate\Database\Connection->runQueryCallback('select * from `...', Array, Object(Closure))
#11 C:\Users\ad\Desktop\rattrapage_f2i\Atypik_House_v1\vendor\laravel\framework\src\Illuminate\Database\Connection.php(326): Illuminate\Database\Connection->run('select * from `...', Array, Object(Closure))
#12 C:\Users\ad\Desktop\rattrapage_f2i\Atypik_House_v1\vendor\laravel\framework\src\Illuminate\Database\Query\Builder.php(1705): Illuminate\Database\Connection->select('select * from `...', Array, true)
#13 C:\Users\ad\Desktop\rattrapage_f2i\Atypik_House_v1\vendor\laravel\framework\src\Illuminate\Database\Query\Builder.php(1690): Illuminate\Database\Query\Builder->runSelect()
#14 C:\Users\ad\Desktop\rattrapage_f2i\Atypik_House_v1\vendor\laravel\framework\src\Illuminate\Database\Eloquent\Builder.php(462): Illuminate\Database\Query\Builder->get(Array)
#15 C:\Users\ad\Desktop\rattrapage_f2i\Atypik_House_v1\vendor\laravel\framework\src\Illuminate\Database\Eloquent\Builder.php(446): Illuminate\Database\Eloquent\Builder->getModels(Array)
#16 C:\Users\ad\Desktop\rattrapage_f2i\Atypik_House_v1\vendor\laravel\framework\src\Illuminate\Database\Eloquent\Model.php(347): Illuminate\Database\Eloquent\Builder->get(Array)
#17 C:\Users\ad\Desktop\rattrapage_f2i\Atypik_House_v1\app\Providers\AppServiceProvider.php(25): Illuminate\Database\Eloquent\Model::all()
#18 [internal function]: App\Providers\AppServiceProvider->boot()
#19 C:\Users\ad\Desktop\rattrapage_f2i\Atypik_House_v1\vendor\laravel\framework\src\Illuminate\Container\BoundMethod.php(29): call_user_func_array(Array, Array)
#20 C:\Users\ad\Desktop\rattrapage_f2i\Atypik_House_v1\vendor\laravel\framework\src\Illuminate\Container\BoundMethod.php(87): Illuminate\Container\BoundMethod::Illuminate\Container\{closure}()
#21 C:\Users\ad\Desktop\rattrapage_f2i\Atypik_House_v1\vendor\laravel\framework\src\Illuminate\Container\BoundMethod.php(31): Illuminate\Container\BoundMethod::callBoundMethod(Object(Illuminate\Foundation\Application), Array, Object(Closure))
#22 C:\Users\ad\Desktop\rattrapage_f2i\Atypik_House_v1\vendor\laravel\framework\src\Illuminate\Container\Container.php(539): Illuminate\Container\BoundMethod::call(Object(Illuminate\Foundation\Application), Array, Array, NULL)
#23 C:\Users\ad\Desktop\rattrapage_f2i\Atypik_House_v1\vendor\laravel\framework\src\Illuminate\Foundation\Application.php(788): Illuminate\Container\Container->call(Array)
#24 C:\Users\ad\Desktop\rattrapage_f2i\Atypik_House_v1\vendor\laravel\framework\src\Illuminate\Foundation\Application.php(771): Illuminate\Foundation\Application->bootProvider(Object(App\Providers\AppServiceProvider))
#25 [internal function]: Illuminate\Foundation\Application->Illuminate\Foundation\{closure}(Object(App\Providers\AppServiceProvider), 15)
#26 C:\Users\ad\Desktop\rattrapage_f2i\Atypik_House_v1\vendor\laravel\framework\src\Illuminate\Foundation\Application.php(772): array_walk(Array, Object(Closure))
#27 C:\Users\ad\Desktop\rattrapage_f2i\Atypik_House_v1\vendor\laravel\framework\src\Illuminate\Foundation\Bootstrap\BootProviders.php(17): Illuminate\Foundation\Application->boot()
#28 C:\Users\ad\Desktop\rattrapage_f2i\Atypik_House_v1\vendor\laravel\framework\src\Illuminate\Foundation\Application.php(208): Illuminate\Foundation\Bootstrap\BootProviders->bootstrap(Object(Illuminate\Foundation\Application))
#29 C:\Users\ad\Desktop\rattrapage_f2i\Atypik_House_v1\vendor\laravel\framework\src\Illuminate\Foundation\Console\Kernel.php(267): Illuminate\Foundation\Application->bootstrapWith(Array)
#30 C:\Users\ad\Desktop\rattrapage_f2i\Atypik_House_v1\vendor\laravel\framework\src\Illuminate\Foundation\Console\Kernel.php(114): Illuminate\Foundation\Console\Kernel->bootstrap()
#31 C:\Users\ad\Desktop\rattrapage_f2i\Atypik_House_v1\artisan(35): Illuminate\Foundation\Console\Kernel->handle(Object(Symfony\Component\Console\Input\ArgvInput), Object(Symfony\Component\Console\Output\ConsoleOutput))
#32 {main}  
[2018-10-14 13:53:16] production.ERROR: PDOException: SQLSTATE[HY000] [2002] Aucune connexion n’a pu être établie car l’ordinateur cible l’a expressément refusée.
 in C:\Users\ad\Desktop\rattrapage_f2i\Atypik_House_v1\vendor\doctrine\dbal\lib\Doctrine\DBAL\Driver\PDOConnection.php:46
Stack trace:
#0 C:\Users\ad\Desktop\rattrapage_f2i\Atypik_House_v1\vendor\doctrine\dbal\lib\Doctrine\DBAL\Driver\PDOConnection.php(46): PDO->__construct('mysql:host=127....', 'forge', '', Array)
#1 C:\Users\ad\Desktop\rattrapage_f2i\Atypik_House_v1\vendor\laravel\framework\src\Illuminate\Database\Connectors\Connector.php(65): Doctrine\DBAL\Driver\PDOConnection->__construct('mysql:host=127....', 'forge', '', Array)
#2 C:\Users\ad\Desktop\rattrapage_f2i\Atypik_House_v1\vendor\laravel\framework\src\Illuminate\Database\Connectors\Connector.php(44): Illuminate\Database\Connectors\Connector->createPdoConnection('mysql:host=127....', 'forge', '', Array)
#3 C:\Users\ad\Desktop\rattrapage_f2i\Atypik_House_v1\vendor\laravel\framework\src\Illuminate\Database\Connectors\MySqlConnector.php(24): Illuminate\Database\Connectors\Connector->createConnection('mysql:host=127....', Array, Array)
#4 C:\Users\ad\Desktop\rattrapage_f2i\Atypik_House_v1\vendor\laravel\framework\src\Illuminate\Database\Connectors\ConnectionFactory.php(183): Illuminate\Database\Connectors\MySqlConnector->connect(Array)
#5 [internal function]: Illuminate\Database\Connectors\ConnectionFactory->Illuminate\Database\Connectors\{closure}()
#6 C:\Users\ad\Desktop\rattrapage_f2i\Atypik_House_v1\vendor\laravel\framework\src\Illuminate\Database\Connection.php(883): call_user_func(Object(Closure))
#7 C:\Users\ad\Desktop\rattrapage_f2i\Atypik_House_v1\vendor\laravel\framework\src\Illuminate\Database\Connection.php(904): Illuminate\Database\Connection->getPdo()
#8 C:\Users\ad\Desktop\rattrapage_f2i\Atypik_House_v1\vendor\laravel\framework\src\Illuminate\Database\Connection.php(392): Illuminate\Database\Connection->getReadPdo()
#9 C:\Users\ad\Desktop\rattrapage_f2i\Atypik_House_v1\vendor\laravel\framework\src\Illuminate\Database\Connection.php(318): Illuminate\Database\Connection->getPdoForSelect(true)
#10 C:\Users\ad\Desktop\rattrapage_f2i\Atypik_House_v1\vendor\laravel\framework\src\Illuminate\Database\Connection.php(640): Illuminate\Database\Connection->Illuminate\Database\{closure}('select * from `...', Array)
#11 C:\Users\ad\Desktop\rattrapage_f2i\Atypik_House_v1\vendor\laravel\framework\src\Illuminate\Database\Connection.php(607): Illuminate\Database\Connection->runQueryCallback('select * from `...', Array, Object(Closure))
#12 C:\Users\ad\Desktop\rattrapage_f2i\Atypik_House_v1\vendor\laravel\framework\src\Illuminate\Database\Connection.php(326): Illuminate\Database\Connection->run('select * from `...', Array, Object(Closure))
#13 C:\Users\ad\Desktop\rattrapage_f2i\Atypik_House_v1\vendor\laravel\framework\src\Illuminate\Database\Query\Builder.php(1705): Illuminate\Database\Connection->select('select * from `...', Array, true)
#14 C:\Users\ad\Desktop\rattrapage_f2i\Atypik_House_v1\vendor\laravel\framework\src\Illuminate\Database\Query\Builder.php(1690): Illuminate\Database\Query\Builder->runSelect()
#15 C:\Users\ad\Desktop\rattrapage_f2i\Atypik_House_v1\vendor\laravel\framework\src\Illuminate\Database\Eloquent\Builder.php(462): Illuminate\Database\Query\Builder->get(Array)
#16 C:\Users\ad\Desktop\rattrapage_f2i\Atypik_House_v1\vendor\laravel\framework\src\Illuminate\Database\Eloquent\Builder.php(446): Illuminate\Database\Eloquent\Builder->getModels(Array)
#17 C:\Users\ad\Desktop\rattrapage_f2i\Atypik_House_v1\vendor\laravel\framework\src\Illuminate\Database\Eloquent\Model.php(347): Illuminate\Database\Eloquent\Builder->get(Array)
#18 C:\Users\ad\Desktop\rattrapage_f2i\Atypik_House_v1\app\Providers\AppServiceProvider.php(25): Illuminate\Database\Eloquent\Model::all()
#19 [internal function]: App\Providers\AppServiceProvider->boot()
#20 C:\Users\ad\Desktop\rattrapage_f2i\Atypik_House_v1\vendor\laravel\framework\src\Illuminate\Container\BoundMethod.php(29): call_user_func_array(Array, Array)
#21 C:\Users\ad\Desktop\rattrapage_f2i\Atypik_House_v1\vendor\laravel\framework\src\Illuminate\Container\BoundMethod.php(87): Illuminate\Container\BoundMethod::Illuminate\Container\{closure}()
#22 C:\Users\ad\Desktop\rattrapage_f2i\Atypik_House_v1\vendor\laravel\framework\src\Illuminate\Container\BoundMethod.php(31): Illuminate\Container\BoundMethod::callBoundMethod(Object(Illuminate\Foundation\Application), Array, Object(Closure))
#23 C:\Users\ad\Desktop\rattrapage_f2i\Atypik_House_v1\vendor\laravel\framework\src\Illuminate\Container\Container.php(539): Illuminate\Container\BoundMethod::call(Object(Illuminate\Foundation\Application), Array, Array, NULL)
#24 C:\Users\ad\Desktop\rattrapage_f2i\Atypik_House_v1\vendor\laravel\framework\src\Illuminate\Foundation\Application.php(788): Illuminate\Container\Container->call(Array)
#25 C:\Users\ad\Desktop\rattrapage_f2i\Atypik_House_v1\vendor\laravel\framework\src\Illuminate\Foundation\Application.php(771): Illuminate\Foundation\Application->bootProvider(Object(App\Providers\AppServiceProvider))
#26 [internal function]: Illuminate\Foundation\Application->Illuminate\Foundation\{closure}(Object(App\Providers\AppServiceProvider), 15)
#27 C:\Users\ad\Desktop\rattrapage_f2i\Atypik_House_v1\vendor\laravel\framework\src\Illuminate\Foundation\Application.php(772): array_walk(Array, Object(Closure))
#28 C:\Users\ad\Desktop\rattrapage_f2i\Atypik_House_v1\vendor\laravel\framework\src\Illuminate\Foundation\Bootstrap\BootProviders.php(17): Illuminate\Foundation\Application->boot()
#29 C:\Users\ad\Desktop\rattrapage_f2i\Atypik_House_v1\vendor\laravel\framework\src\Illuminate\Foundation\Application.php(208): Illuminate\Foundation\Bootstrap\BootProviders->bootstrap(Object(Illuminate\Foundation\Application))
#30 C:\Users\ad\Desktop\rattrapage_f2i\Atypik_House_v1\vendor\laravel\framework\src\Illuminate\Foundation\Console\Kernel.php(267): Illuminate\Foundation\Application->bootstrapWith(Array)
#31 C:\Users\ad\Desktop\rattrapage_f2i\Atypik_House_v1\vendor\laravel\framework\src\Illuminate\Foundation\Console\Kernel.php(114): Illuminate\Foundation\Console\Kernel->bootstrap()
#32 C:\Users\ad\Desktop\rattrapage_f2i\Atypik_House_v1\artisan(35): Illuminate\Foundation\Console\Kernel->handle(Object(Symfony\Component\Console\Input\ArgvInput), Object(Symfony\Component\Console\Output\ConsoleOutput))
#33 {main}

Next Doctrine\DBAL\Driver\PDOException: SQLSTATE[HY000] [2002] Aucune connexion n’a pu être établie car l’ordinateur cible l’a expressément refusée.
 in C:\Users\ad\Desktop\rattrapage_f2i\Atypik_House_v1\vendor\doctrine\dbal\lib\Doctrine\DBAL\Driver\PDOConnection.php:50
Stack trace:
#0 C:\Users\ad\Desktop\rattrapage_f2i\Atypik_House_v1\vendor\laravel\framework\src\Illuminate\Database\Connectors\Connector.php(65): Doctrine\DBAL\Driver\PDOConnection->__construct('mysql:host=127....', 'forge', '', Array)
#1 C:\Users\ad\Desktop\rattrapage_f2i\Atypik_House_v1\vendor\laravel\framework\src\Illuminate\Database\Connectors\Connector.php(44): Illuminate\Database\Connectors\Connector->createPdoConnection('mysql:host=127....', 'forge', '', Array)
#2 C:\Users\ad\Desktop\rattrapage_f2i\Atypik_House_v1\vendor\laravel\framework\src\Illuminate\Database\Connectors\MySqlConnector.php(24): Illuminate\Database\Connectors\Connector->createConnection('mysql:host=127....', Array, Array)
#3 C:\Users\ad\Desktop\rattrapage_f2i\Atypik_House_v1\vendor\laravel\framework\src\Illuminate\Database\Connectors\ConnectionFactory.php(183): Illuminate\Database\Connectors\MySqlConnector->connect(Array)
#4 [internal function]: Illuminate\Database\Connectors\ConnectionFactory->Illuminate\Database\Connectors\{closure}()
#5 C:\Users\ad\Desktop\rattrapage_f2i\Atypik_House_v1\vendor\laravel\framework\src\Illuminate\Database\Connection.php(883): call_user_func(Object(Closure))
#6 C:\Users\ad\Desktop\rattrapage_f2i\Atypik_House_v1\vendor\laravel\framework\src\Illuminate\Database\Connection.php(904): Illuminate\Database\Connection->getPdo()
#7 C:\Users\ad\Desktop\rattrapage_f2i\Atypik_House_v1\vendor\laravel\framework\src\Illuminate\Database\Connection.php(392): Illuminate\Database\Connection->getReadPdo()
#8 C:\Users\ad\Desktop\rattrapage_f2i\Atypik_House_v1\vendor\laravel\framework\src\Illuminate\Database\Connection.php(318): Illuminate\Database\Connection->getPdoForSelect(true)
#9 C:\Users\ad\Desktop\rattrapage_f2i\Atypik_House_v1\vendor\laravel\framework\src\Illuminate\Database\Connection.php(640): Illuminate\Database\Connection->Illuminate\Database\{closure}('select * from `...', Array)
#10 C:\Users\ad\Desktop\rattrapage_f2i\Atypik_House_v1\vendor\laravel\framework\src\Illuminate\Database\Connection.php(607): Illuminate\Database\Connection->runQueryCallback('select * from `...', Array, Object(Closure))
#11 C:\Users\ad\Desktop\rattrapage_f2i\Atypik_House_v1\vendor\laravel\framework\src\Illuminate\Database\Connection.php(326): Illuminate\Database\Connection->run('select * from `...', Array, Object(Closure))
#12 C:\Users\ad\Desktop\rattrapage_f2i\Atypik_House_v1\vendor\laravel\framework\src\Illuminate\Database\Query\Builder.php(1705): Illuminate\Database\Connection->select('select * from `...', Array, true)
#13 C:\Users\ad\Desktop\rattrapage_f2i\Atypik_House_v1\vendor\laravel\framework\src\Illuminate\Database\Query\Builder.php(1690): Illuminate\Database\Query\Builder->runSelect()
#14 C:\Users\ad\Desktop\rattrapage_f2i\Atypik_House_v1\vendor\laravel\framework\src\Illuminate\Database\Eloquent\Builder.php(462): Illuminate\Database\Query\Builder->get(Array)
#15 C:\Users\ad\Desktop\rattrapage_f2i\Atypik_House_v1\vendor\laravel\framework\src\Illuminate\Database\Eloquent\Builder.php(446): Illuminate\Database\Eloquent\Builder->getModels(Array)
#16 C:\Users\ad\Desktop\rattrapage_f2i\Atypik_House_v1\vendor\laravel\framework\src\Illuminate\Database\Eloquent\Model.php(347): Illuminate\Database\Eloquent\Builder->get(Array)
#17 C:\Users\ad\Desktop\rattrapage_f2i\Atypik_House_v1\app\Providers\AppServiceProvider.php(25): Illuminate\Database\Eloquent\Model::all()
#18 [internal function]: App\Providers\AppServiceProvider->boot()
#19 C:\Users\ad\Desktop\rattrapage_f2i\Atypik_House_v1\vendor\laravel\framework\src\Illuminate\Container\BoundMethod.php(29): call_user_func_array(Array, Array)
#20 C:\Users\ad\Desktop\rattrapage_f2i\Atypik_House_v1\vendor\laravel\framework\src\Illuminate\Container\BoundMethod.php(87): Illuminate\Container\BoundMethod::Illuminate\Container\{closure}()
#21 C:\Users\ad\Desktop\rattrapage_f2i\Atypik_House_v1\vendor\laravel\framework\src\Illuminate\Container\BoundMethod.php(31): Illuminate\Container\BoundMethod::callBoundMethod(Object(Illuminate\Foundation\Application), Array, Object(Closure))
#22 C:\Users\ad\Desktop\rattrapage_f2i\Atypik_House_v1\vendor\laravel\framework\src\Illuminate\Container\Container.php(539): Illuminate\Container\BoundMethod::call(Object(Illuminate\Foundation\Application), Array, Array, NULL)
#23 C:\Users\ad\Desktop\rattrapage_f2i\Atypik_House_v1\vendor\laravel\framework\src\Illuminate\Foundation\Application.php(788): Illuminate\Container\Container->call(Array)
#24 C:\Users\ad\Desktop\rattrapage_f2i\Atypik_House_v1\vendor\laravel\framework\src\Illuminate\Foundation\Application.php(771): Illuminate\Foundation\Application->bootProvider(Object(App\Providers\AppServiceProvider))
#25 [internal function]: Illuminate\Foundation\Application->Illuminate\Foundation\{closure}(Object(App\Providers\AppServiceProvider), 15)
#26 C:\Users\ad\Desktop\rattrapage_f2i\Atypik_House_v1\vendor\laravel\framework\src\Illuminate\Foundation\Application.php(772): array_walk(Array, Object(Closure))
#27 C:\Users\ad\Desktop\rattrapage_f2i\Atypik_House_v1\vendor\laravel\framework\src\Illuminate\Foundation\Bootstrap\BootProviders.php(17): Illuminate\Foundation\Application->boot()
#28 C:\Users\ad\Desktop\rattrapage_f2i\Atypik_House_v1\vendor\laravel\framework\src\Illuminate\Foundation\Application.php(208): Illuminate\Foundation\Bootstrap\BootProviders->bootstrap(Object(Illuminate\Foundation\Application))
#29 C:\Users\ad\Desktop\rattrapage_f2i\Atypik_House_v1\vendor\laravel\framework\src\Illuminate\Foundation\Console\Kernel.php(267): Illuminate\Foundation\Application->bootstrapWith(Array)
#30 C:\Users\ad\Desktop\rattrapage_f2i\Atypik_House_v1\vendor\laravel\framework\src\Illuminate\Foundation\Console\Kernel.php(114): Illuminate\Foundation\Console\Kernel->bootstrap()
#31 C:\Users\ad\Desktop\rattrapage_f2i\Atypik_House_v1\artisan(35): Illuminate\Foundation\Console\Kernel->handle(Object(Symfony\Component\Console\Input\ArgvInput), Object(Symfony\Component\Console\Output\ConsoleOutput))
#32 {main}

Next Illuminate\Database\QueryException: SQLSTATE[HY000] [2002] Aucune connexion n’a pu être établie car l’ordinateur cible l’a expressément refusée.
 (SQL: select * from `houses`) in C:\Users\ad\Desktop\rattrapage_f2i\Atypik_House_v1\vendor\laravel\framework\src\Illuminate\Database\Connection.php:647
Stack trace:
#0 C:\Users\ad\Desktop\rattrapage_f2i\Atypik_House_v1\vendor\laravel\framework\src\Illuminate\Database\Connection.php(607): Illuminate\Database\Connection->runQueryCallback('select * from `...', Array, Object(Closure))
#1 C:\Users\ad\Desktop\rattrapage_f2i\Atypik_House_v1\vendor\laravel\framework\src\Illuminate\Database\Connection.php(326): Illuminate\Database\Connection->run('select * from `...', Array, Object(Closure))
#2 C:\Users\ad\Desktop\rattrapage_f2i\Atypik_House_v1\vendor\laravel\framework\src\Illuminate\Database\Query\Builder.php(1705): Illuminate\Database\Connection->select('select * from `...', Array, true)
#3 C:\Users\ad\Desktop\rattrapage_f2i\Atypik_House_v1\vendor\laravel\framework\src\Illuminate\Database\Query\Builder.php(1690): Illuminate\Database\Query\Builder->runSelect()
#4 C:\Users\ad\Desktop\rattrapage_f2i\Atypik_House_v1\vendor\laravel\framework\src\Illuminate\Database\Eloquent\Builder.php(462): Illuminate\Database\Query\Builder->get(Array)
#5 C:\Users\ad\Desktop\rattrapage_f2i\Atypik_House_v1\vendor\laravel\framework\src\Illuminate\Database\Eloquent\Builder.php(446): Illuminate\Database\Eloquent\Builder->getModels(Array)
#6 C:\Users\ad\Desktop\rattrapage_f2i\Atypik_House_v1\vendor\laravel\framework\src\Illuminate\Database\Eloquent\Model.php(347): Illuminate\Database\Eloquent\Builder->get(Array)
#7 C:\Users\ad\Desktop\rattrapage_f2i\Atypik_House_v1\app\Providers\AppServiceProvider.php(25): Illuminate\Database\Eloquent\Model::all()
#8 [internal function]: App\Providers\AppServiceProvider->boot()
#9 C:\Users\ad\Desktop\rattrapage_f2i\Atypik_House_v1\vendor\laravel\framework\src\Illuminate\Container\BoundMethod.php(29): call_user_func_array(Array, Array)
#10 C:\Users\ad\Desktop\rattrapage_f2i\Atypik_House_v1\vendor\laravel\framework\src\Illuminate\Container\BoundMethod.php(87): Illuminate\Container\BoundMethod::Illuminate\Container\{closure}()
#11 C:\Users\ad\Desktop\rattrapage_f2i\Atypik_House_v1\vendor\laravel\framework\src\Illuminate\Container\BoundMethod.php(31): Illuminate\Container\BoundMethod::callBoundMethod(Object(Illuminate\Foundation\Application), Array, Object(Closure))
#12 C:\Users\ad\Desktop\rattrapage_f2i\Atypik_House_v1\vendor\laravel\framework\src\Illuminate\Container\Container.php(539): Illuminate\Container\BoundMethod::call(Object(Illuminate\Foundation\Application), Array, Array, NULL)
#13 C:\Users\ad\Desktop\rattrapage_f2i\Atypik_House_v1\vendor\laravel\framework\src\Illuminate\Foundation\Application.php(788): Illuminate\Container\Container->call(Array)
#14 C:\Users\ad\Desktop\rattrapage_f2i\Atypik_House_v1\vendor\laravel\framework\src\Illuminate\Foundation\Application.php(771): Illuminate\Foundation\Application->bootProvider(Object(App\Providers\AppServiceProvider))
#15 [internal function]: Illuminate\Foundation\Application->Illuminate\Foundation\{closure}(Object(App\Providers\AppServiceProvider), 15)
#16 C:\Users\ad\Desktop\rattrapage_f2i\Atypik_House_v1\vendor\laravel\framework\src\Illuminate\Foundation\Application.php(772): array_walk(Array, Object(Closure))
#17 C:\Users\ad\Desktop\rattrapage_f2i\Atypik_House_v1\vendor\laravel\framework\src\Illuminate\Foundation\Bootstrap\BootProviders.php(17): Illuminate\Foundation\Application->boot()
#18 C:\Users\ad\Desktop\rattrapage_f2i\Atypik_House_v1\vendor\laravel\framework\src\Illuminate\Foundation\Application.php(208): Illuminate\Foundation\Bootstrap\BootProviders->bootstrap(Object(Illuminate\Foundation\Application))
#19 C:\Users\ad\Desktop\rattrapage_f2i\Atypik_House_v1\vendor\laravel\framework\src\Illuminate\Foundation\Console\Kernel.php(267): Illuminate\Foundation\Application->bootstrapWith(Array)
#20 C:\Users\ad\Desktop\rattrapage_f2i\Atypik_House_v1\vendor\laravel\framework\src\Illuminate\Foundation\Console\Kernel.php(114): Illuminate\Foundation\Console\Kernel->bootstrap()
#21 C:\Users\ad\Desktop\rattrapage_f2i\Atypik_House_v1\artisan(35): Illuminate\Foundation\Console\Kernel->handle(Object(Symfony\Component\Console\Input\ArgvInput), Object(Symfony\Component\Console\Output\ConsoleOutput))
#22 {main}  
[2018-10-14 14:03:34] production.ERROR: PDOException: SQLSTATE[HY000] [2002] Aucune connexion n’a pu être établie car l’ordinateur cible l’a expressément refusée.
 in C:\Users\ad\Desktop\rattrapage_f2i\Atypik_House_v1\vendor\doctrine\dbal\lib\Doctrine\DBAL\Driver\PDOConnection.php:46
Stack trace:
#0 C:\Users\ad\Desktop\rattrapage_f2i\Atypik_House_v1\vendor\doctrine\dbal\lib\Doctrine\DBAL\Driver\PDOConnection.php(46): PDO->__construct('mysql:host=127....', 'forge', '', Array)
#1 C:\Users\ad\Desktop\rattrapage_f2i\Atypik_House_v1\vendor\laravel\framework\src\Illuminate\Database\Connectors\Connector.php(65): Doctrine\DBAL\Driver\PDOConnection->__construct('mysql:host=127....', 'forge', '', Array)
#2 C:\Users\ad\Desktop\rattrapage_f2i\Atypik_House_v1\vendor\laravel\framework\src\Illuminate\Database\Connectors\Connector.php(44): Illuminate\Database\Connectors\Connector->createPdoConnection('mysql:host=127....', 'forge', '', Array)
#3 C:\Users\ad\Desktop\rattrapage_f2i\Atypik_House_v1\vendor\laravel\framework\src\Illuminate\Database\Connectors\MySqlConnector.php(24): Illuminate\Database\Connectors\Connector->createConnection('mysql:host=127....', Array, Array)
#4 C:\Users\ad\Desktop\rattrapage_f2i\Atypik_House_v1\vendor\laravel\framework\src\Illuminate\Database\Connectors\ConnectionFactory.php(183): Illuminate\Database\Connectors\MySqlConnector->connect(Array)
#5 [internal function]: Illuminate\Database\Connectors\ConnectionFactory->Illuminate\Database\Connectors\{closure}()
#6 C:\Users\ad\Desktop\rattrapage_f2i\Atypik_House_v1\vendor\laravel\framework\src\Illuminate\Database\Connection.php(883): call_user_func(Object(Closure))
#7 C:\Users\ad\Desktop\rattrapage_f2i\Atypik_House_v1\vendor\laravel\framework\src\Illuminate\Database\Connection.php(904): Illuminate\Database\Connection->getPdo()
#8 C:\Users\ad\Desktop\rattrapage_f2i\Atypik_House_v1\vendor\laravel\framework\src\Illuminate\Database\Connection.php(392): Illuminate\Database\Connection->getReadPdo()
#9 C:\Users\ad\Desktop\rattrapage_f2i\Atypik_House_v1\vendor\laravel\framework\src\Illuminate\Database\Connection.php(318): Illuminate\Database\Connection->getPdoForSelect(true)
#10 C:\Users\ad\Desktop\rattrapage_f2i\Atypik_House_v1\vendor\laravel\framework\src\Illuminate\Database\Connection.php(640): Illuminate\Database\Connection->Illuminate\Database\{closure}('select * from `...', Array)
#11 C:\Users\ad\Desktop\rattrapage_f2i\Atypik_House_v1\vendor\laravel\framework\src\Illuminate\Database\Connection.php(607): Illuminate\Database\Connection->runQueryCallback('select * from `...', Array, Object(Closure))
#12 C:\Users\ad\Desktop\rattrapage_f2i\Atypik_House_v1\vendor\laravel\framework\src\Illuminate\Database\Connection.php(326): Illuminate\Database\Connection->run('select * from `...', Array, Object(Closure))
#13 C:\Users\ad\Desktop\rattrapage_f2i\Atypik_House_v1\vendor\laravel\framework\src\Illuminate\Database\Query\Builder.php(1705): Illuminate\Database\Connection->select('select * from `...', Array, true)
#14 C:\Users\ad\Desktop\rattrapage_f2i\Atypik_House_v1\vendor\laravel\framework\src\Illuminate\Database\Query\Builder.php(1690): Illuminate\Database\Query\Builder->runSelect()
#15 C:\Users\ad\Desktop\rattrapage_f2i\Atypik_House_v1\vendor\laravel\framework\src\Illuminate\Database\Eloquent\Builder.php(462): Illuminate\Database\Query\Builder->get(Array)
#16 C:\Users\ad\Desktop\rattrapage_f2i\Atypik_House_v1\vendor\laravel\framework\src\Illuminate\Database\Eloquent\Builder.php(446): Illuminate\Database\Eloquent\Builder->getModels(Array)
#17 C:\Users\ad\Desktop\rattrapage_f2i\Atypik_House_v1\vendor\laravel\framework\src\Illuminate\Database\Eloquent\Model.php(347): Illuminate\Database\Eloquent\Builder->get(Array)
#18 C:\Users\ad\Desktop\rattrapage_f2i\Atypik_House_v1\app\Providers\AppServiceProvider.php(25): Illuminate\Database\Eloquent\Model::all()
#19 [internal function]: App\Providers\AppServiceProvider->boot()
#20 C:\Users\ad\Desktop\rattrapage_f2i\Atypik_House_v1\vendor\laravel\framework\src\Illuminate\Container\BoundMethod.php(29): call_user_func_array(Array, Array)
#21 C:\Users\ad\Desktop\rattrapage_f2i\Atypik_House_v1\vendor\laravel\framework\src\Illuminate\Container\BoundMethod.php(87): Illuminate\Container\BoundMethod::Illuminate\Container\{closure}()
#22 C:\Users\ad\Desktop\rattrapage_f2i\Atypik_House_v1\vendor\laravel\framework\src\Illuminate\Container\BoundMethod.php(31): Illuminate\Container\BoundMethod::callBoundMethod(Object(Illuminate\Foundation\Application), Array, Object(Closure))
#23 C:\Users\ad\Desktop\rattrapage_f2i\Atypik_House_v1\vendor\laravel\framework\src\Illuminate\Container\Container.php(539): Illuminate\Container\BoundMethod::call(Object(Illuminate\Foundation\Application), Array, Array, NULL)
#24 C:\Users\ad\Desktop\rattrapage_f2i\Atypik_House_v1\vendor\laravel\framework\src\Illuminate\Foundation\Application.php(788): Illuminate\Container\Container->call(Array)
#25 C:\Users\ad\Desktop\rattrapage_f2i\Atypik_House_v1\vendor\laravel\framework\src\Illuminate\Foundation\Application.php(771): Illuminate\Foundation\Application->bootProvider(Object(App\Providers\AppServiceProvider))
#26 [internal function]: Illuminate\Foundation\Application->Illuminate\Foundation\{closure}(Object(App\Providers\AppServiceProvider), 15)
#27 C:\Users\ad\Desktop\rattrapage_f2i\Atypik_House_v1\vendor\laravel\framework\src\Illuminate\Foundation\Application.php(772): array_walk(Array, Object(Closure))
#28 C:\Users\ad\Desktop\rattrapage_f2i\Atypik_House_v1\vendor\laravel\framework\src\Illuminate\Foundation\Bootstrap\BootProviders.php(17): Illuminate\Foundation\Application->boot()
#29 C:\Users\ad\Desktop\rattrapage_f2i\Atypik_House_v1\vendor\laravel\framework\src\Illuminate\Foundation\Application.php(208): Illuminate\Foundation\Bootstrap\BootProviders->bootstrap(Object(Illuminate\Foundation\Application))
#30 C:\Users\ad\Desktop\rattrapage_f2i\Atypik_House_v1\vendor\laravel\framework\src\Illuminate\Foundation\Console\Kernel.php(267): Illuminate\Foundation\Application->bootstrapWith(Array)
#31 C:\Users\ad\Desktop\rattrapage_f2i\Atypik_House_v1\vendor\laravel\framework\src\Illuminate\Foundation\Console\Kernel.php(114): Illuminate\Foundation\Console\Kernel->bootstrap()
#32 C:\Users\ad\Desktop\rattrapage_f2i\Atypik_House_v1\artisan(35): Illuminate\Foundation\Console\Kernel->handle(Object(Symfony\Component\Console\Input\ArgvInput), Object(Symfony\Component\Console\Output\ConsoleOutput))
#33 {main}

Next Doctrine\DBAL\Driver\PDOException: SQLSTATE[HY000] [2002] Aucune connexion n’a pu être établie car l’ordinateur cible l’a expressément refusée.
 in C:\Users\ad\Desktop\rattrapage_f2i\Atypik_House_v1\vendor\doctrine\dbal\lib\Doctrine\DBAL\Driver\PDOConnection.php:50
Stack trace:
#0 C:\Users\ad\Desktop\rattrapage_f2i\Atypik_House_v1\vendor\laravel\framework\src\Illuminate\Database\Connectors\Connector.php(65): Doctrine\DBAL\Driver\PDOConnection->__construct('mysql:host=127....', 'forge', '', Array)
#1 C:\Users\ad\Desktop\rattrapage_f2i\Atypik_House_v1\vendor\laravel\framework\src\Illuminate\Database\Connectors\Connector.php(44): Illuminate\Database\Connectors\Connector->createPdoConnection('mysql:host=127....', 'forge', '', Array)
#2 C:\Users\ad\Desktop\rattrapage_f2i\Atypik_House_v1\vendor\laravel\framework\src\Illuminate\Database\Connectors\MySqlConnector.php(24): Illuminate\Database\Connectors\Connector->createConnection('mysql:host=127....', Array, Array)
#3 C:\Users\ad\Desktop\rattrapage_f2i\Atypik_House_v1\vendor\laravel\framework\src\Illuminate\Database\Connectors\ConnectionFactory.php(183): Illuminate\Database\Connectors\MySqlConnector->connect(Array)
#4 [internal function]: Illuminate\Database\Connectors\ConnectionFactory->Illuminate\Database\Connectors\{closure}()
#5 C:\Users\ad\Desktop\rattrapage_f2i\Atypik_House_v1\vendor\laravel\framework\src\Illuminate\Database\Connection.php(883): call_user_func(Object(Closure))
#6 C:\Users\ad\Desktop\rattrapage_f2i\Atypik_House_v1\vendor\laravel\framework\src\Illuminate\Database\Connection.php(904): Illuminate\Database\Connection->getPdo()
#7 C:\Users\ad\Desktop\rattrapage_f2i\Atypik_House_v1\vendor\laravel\framework\src\Illuminate\Database\Connection.php(392): Illuminate\Database\Connection->getReadPdo()
#8 C:\Users\ad\Desktop\rattrapage_f2i\Atypik_House_v1\vendor\laravel\framework\src\Illuminate\Database\Connection.php(318): Illuminate\Database\Connection->getPdoForSelect(true)
#9 C:\Users\ad\Desktop\rattrapage_f2i\Atypik_House_v1\vendor\laravel\framework\src\Illuminate\Database\Connection.php(640): Illuminate\Database\Connection->Illuminate\Database\{closure}('select * from `...', Array)
#10 C:\Users\ad\Desktop\rattrapage_f2i\Atypik_House_v1\vendor\laravel\framework\src\Illuminate\Database\Connection.php(607): Illuminate\Database\Connection->runQueryCallback('select * from `...', Array, Object(Closure))
#11 C:\Users\ad\Desktop\rattrapage_f2i\Atypik_House_v1\vendor\laravel\framework\src\Illuminate\Database\Connection.php(326): Illuminate\Database\Connection->run('select * from `...', Array, Object(Closure))
#12 C:\Users\ad\Desktop\rattrapage_f2i\Atypik_House_v1\vendor\laravel\framework\src\Illuminate\Database\Query\Builder.php(1705): Illuminate\Database\Connection->select('select * from `...', Array, true)
#13 C:\Users\ad\Desktop\rattrapage_f2i\Atypik_House_v1\vendor\laravel\framework\src\Illuminate\Database\Query\Builder.php(1690): Illuminate\Database\Query\Builder->runSelect()
#14 C:\Users\ad\Desktop\rattrapage_f2i\Atypik_House_v1\vendor\laravel\framework\src\Illuminate\Database\Eloquent\Builder.php(462): Illuminate\Database\Query\Builder->get(Array)
#15 C:\Users\ad\Desktop\rattrapage_f2i\Atypik_House_v1\vendor\laravel\framework\src\Illuminate\Database\Eloquent\Builder.php(446): Illuminate\Database\Eloquent\Builder->getModels(Array)
#16 C:\Users\ad\Desktop\rattrapage_f2i\Atypik_House_v1\vendor\laravel\framework\src\Illuminate\Database\Eloquent\Model.php(347): Illuminate\Database\Eloquent\Builder->get(Array)
#17 C:\Users\ad\Desktop\rattrapage_f2i\Atypik_House_v1\app\Providers\AppServiceProvider.php(25): Illuminate\Database\Eloquent\Model::all()
#18 [internal function]: App\Providers\AppServiceProvider->boot()
#19 C:\Users\ad\Desktop\rattrapage_f2i\Atypik_House_v1\vendor\laravel\framework\src\Illuminate\Container\BoundMethod.php(29): call_user_func_array(Array, Array)
#20 C:\Users\ad\Desktop\rattrapage_f2i\Atypik_House_v1\vendor\laravel\framework\src\Illuminate\Container\BoundMethod.php(87): Illuminate\Container\BoundMethod::Illuminate\Container\{closure}()
#21 C:\Users\ad\Desktop\rattrapage_f2i\Atypik_House_v1\vendor\laravel\framework\src\Illuminate\Container\BoundMethod.php(31): Illuminate\Container\BoundMethod::callBoundMethod(Object(Illuminate\Foundation\Application), Array, Object(Closure))
#22 C:\Users\ad\Desktop\rattrapage_f2i\Atypik_House_v1\vendor\laravel\framework\src\Illuminate\Container\Container.php(539): Illuminate\Container\BoundMethod::call(Object(Illuminate\Foundation\Application), Array, Array, NULL)
#23 C:\Users\ad\Desktop\rattrapage_f2i\Atypik_House_v1\vendor\laravel\framework\src\Illuminate\Foundation\Application.php(788): Illuminate\Container\Container->call(Array)
#24 C:\Users\ad\Desktop\rattrapage_f2i\Atypik_House_v1\vendor\laravel\framework\src\Illuminate\Foundation\Application.php(771): Illuminate\Foundation\Application->bootProvider(Object(App\Providers\AppServiceProvider))
#25 [internal function]: Illuminate\Foundation\Application->Illuminate\Foundation\{closure}(Object(App\Providers\AppServiceProvider), 15)
#26 C:\Users\ad\Desktop\rattrapage_f2i\Atypik_House_v1\vendor\laravel\framework\src\Illuminate\Foundation\Application.php(772): array_walk(Array, Object(Closure))
#27 C:\Users\ad\Desktop\rattrapage_f2i\Atypik_House_v1\vendor\laravel\framework\src\Illuminate\Foundation\Bootstrap\BootProviders.php(17): Illuminate\Foundation\Application->boot()
#28 C:\Users\ad\Desktop\rattrapage_f2i\Atypik_House_v1\vendor\laravel\framework\src\Illuminate\Foundation\Application.php(208): Illuminate\Foundation\Bootstrap\BootProviders->bootstrap(Object(Illuminate\Foundation\Application))
#29 C:\Users\ad\Desktop\rattrapage_f2i\Atypik_House_v1\vendor\laravel\framework\src\Illuminate\Foundation\Console\Kernel.php(267): Illuminate\Foundation\Application->bootstrapWith(Array)
#30 C:\Users\ad\Desktop\rattrapage_f2i\Atypik_House_v1\vendor\laravel\framework\src\Illuminate\Foundation\Console\Kernel.php(114): Illuminate\Foundation\Console\Kernel->bootstrap()
#31 C:\Users\ad\Desktop\rattrapage_f2i\Atypik_House_v1\artisan(35): Illuminate\Foundation\Console\Kernel->handle(Object(Symfony\Component\Console\Input\ArgvInput), Object(Symfony\Component\Console\Output\ConsoleOutput))
#32 {main}  
[2018-10-14 14:03:34] production.ERROR: PDOException: SQLSTATE[HY000] [2002] Aucune connexion n’a pu être établie car l’ordinateur cible l’a expressément refusée.
 in C:\Users\ad\Desktop\rattrapage_f2i\Atypik_House_v1\vendor\doctrine\dbal\lib\Doctrine\DBAL\Driver\PDOConnection.php:46
Stack trace:
#0 C:\Users\ad\Desktop\rattrapage_f2i\Atypik_House_v1\vendor\doctrine\dbal\lib\Doctrine\DBAL\Driver\PDOConnection.php(46): PDO->__construct('mysql:host=127....', 'forge', '', Array)
#1 C:\Users\ad\Desktop\rattrapage_f2i\Atypik_House_v1\vendor\laravel\framework\src\Illuminate\Database\Connectors\Connector.php(65): Doctrine\DBAL\Driver\PDOConnection->__construct('mysql:host=127....', 'forge', '', Array)
#2 C:\Users\ad\Desktop\rattrapage_f2i\Atypik_House_v1\vendor\laravel\framework\src\Illuminate\Database\Connectors\Connector.php(44): Illuminate\Database\Connectors\Connector->createPdoConnection('mysql:host=127....', 'forge', '', Array)
#3 C:\Users\ad\Desktop\rattrapage_f2i\Atypik_House_v1\vendor\laravel\framework\src\Illuminate\Database\Connectors\MySqlConnector.php(24): Illuminate\Database\Connectors\Connector->createConnection('mysql:host=127....', Array, Array)
#4 C:\Users\ad\Desktop\rattrapage_f2i\Atypik_House_v1\vendor\laravel\framework\src\Illuminate\Database\Connectors\ConnectionFactory.php(183): Illuminate\Database\Connectors\MySqlConnector->connect(Array)
#5 [internal function]: Illuminate\Database\Connectors\ConnectionFactory->Illuminate\Database\Connectors\{closure}()
#6 C:\Users\ad\Desktop\rattrapage_f2i\Atypik_House_v1\vendor\laravel\framework\src\Illuminate\Database\Connection.php(883): call_user_func(Object(Closure))
#7 C:\Users\ad\Desktop\rattrapage_f2i\Atypik_House_v1\vendor\laravel\framework\src\Illuminate\Database\Connection.php(904): Illuminate\Database\Connection->getPdo()
#8 C:\Users\ad\Desktop\rattrapage_f2i\Atypik_House_v1\vendor\laravel\framework\src\Illuminate\Database\Connection.php(392): Illuminate\Database\Connection->getReadPdo()
#9 C:\Users\ad\Desktop\rattrapage_f2i\Atypik_House_v1\vendor\laravel\framework\src\Illuminate\Database\Connection.php(318): Illuminate\Database\Connection->getPdoForSelect(true)
#10 C:\Users\ad\Desktop\rattrapage_f2i\Atypik_House_v1\vendor\laravel\framework\src\Illuminate\Database\Connection.php(640): Illuminate\Database\Connection->Illuminate\Database\{closure}('select * from `...', Array)
#11 C:\Users\ad\Desktop\rattrapage_f2i\Atypik_House_v1\vendor\laravel\framework\src\Illuminate\Database\Connection.php(607): Illuminate\Database\Connection->runQueryCallback('select * from `...', Array, Object(Closure))
#12 C:\Users\ad\Desktop\rattrapage_f2i\Atypik_House_v1\vendor\laravel\framework\src\Illuminate\Database\Connection.php(326): Illuminate\Database\Connection->run('select * from `...', Array, Object(Closure))
#13 C:\Users\ad\Desktop\rattrapage_f2i\Atypik_House_v1\vendor\laravel\framework\src\Illuminate\Database\Query\Builder.php(1705): Illuminate\Database\Connection->select('select * from `...', Array, true)
#14 C:\Users\ad\Desktop\rattrapage_f2i\Atypik_House_v1\vendor\laravel\framework\src\Illuminate\Database\Query\Builder.php(1690): Illuminate\Database\Query\Builder->runSelect()
#15 C:\Users\ad\Desktop\rattrapage_f2i\Atypik_House_v1\vendor\laravel\framework\src\Illuminate\Database\Eloquent\Builder.php(462): Illuminate\Database\Query\Builder->get(Array)
#16 C:\Users\ad\Desktop\rattrapage_f2i\Atypik_House_v1\vendor\laravel\framework\src\Illuminate\Database\Eloquent\Builder.php(446): Illuminate\Database\Eloquent\Builder->getModels(Array)
#17 C:\Users\ad\Desktop\rattrapage_f2i\Atypik_House_v1\vendor\laravel\framework\src\Illuminate\Database\Eloquent\Model.php(347): Illuminate\Database\Eloquent\Builder->get(Array)
#18 C:\Users\ad\Desktop\rattrapage_f2i\Atypik_House_v1\app\Providers\AppServiceProvider.php(25): Illuminate\Database\Eloquent\Model::all()
#19 [internal function]: App\Providers\AppServiceProvider->boot()
#20 C:\Users\ad\Desktop\rattrapage_f2i\Atypik_House_v1\vendor\laravel\framework\src\Illuminate\Container\BoundMethod.php(29): call_user_func_array(Array, Array)
#21 C:\Users\ad\Desktop\rattrapage_f2i\Atypik_House_v1\vendor\laravel\framework\src\Illuminate\Container\BoundMethod.php(87): Illuminate\Container\BoundMethod::Illuminate\Container\{closure}()
#22 C:\Users\ad\Desktop\rattrapage_f2i\Atypik_House_v1\vendor\laravel\framework\src\Illuminate\Container\BoundMethod.php(31): Illuminate\Container\BoundMethod::callBoundMethod(Object(Illuminate\Foundation\Application), Array, Object(Closure))
#23 C:\Users\ad\Desktop\rattrapage_f2i\Atypik_House_v1\vendor\laravel\framework\src\Illuminate\Container\Container.php(539): Illuminate\Container\BoundMethod::call(Object(Illuminate\Foundation\Application), Array, Array, NULL)
#24 C:\Users\ad\Desktop\rattrapage_f2i\Atypik_House_v1\vendor\laravel\framework\src\Illuminate\Foundation\Application.php(788): Illuminate\Container\Container->call(Array)
#25 C:\Users\ad\Desktop\rattrapage_f2i\Atypik_House_v1\vendor\laravel\framework\src\Illuminate\Foundation\Application.php(771): Illuminate\Foundation\Application->bootProvider(Object(App\Providers\AppServiceProvider))
#26 [internal function]: Illuminate\Foundation\Application->Illuminate\Foundation\{closure}(Object(App\Providers\AppServiceProvider), 15)
#27 C:\Users\ad\Desktop\rattrapage_f2i\Atypik_House_v1\vendor\laravel\framework\src\Illuminate\Foundation\Application.php(772): array_walk(Array, Object(Closure))
#28 C:\Users\ad\Desktop\rattrapage_f2i\Atypik_House_v1\vendor\laravel\framework\src\Illuminate\Foundation\Bootstrap\BootProviders.php(17): Illuminate\Foundation\Application->boot()
#29 C:\Users\ad\Desktop\rattrapage_f2i\Atypik_House_v1\vendor\laravel\framework\src\Illuminate\Foundation\Application.php(208): Illuminate\Foundation\Bootstrap\BootProviders->bootstrap(Object(Illuminate\Foundation\Application))
#30 C:\Users\ad\Desktop\rattrapage_f2i\Atypik_House_v1\vendor\laravel\framework\src\Illuminate\Foundation\Console\Kernel.php(267): Illuminate\Foundation\Application->bootstrapWith(Array)
#31 C:\Users\ad\Desktop\rattrapage_f2i\Atypik_House_v1\vendor\laravel\framework\src\Illuminate\Foundation\Console\Kernel.php(114): Illuminate\Foundation\Console\Kernel->bootstrap()
#32 C:\Users\ad\Desktop\rattrapage_f2i\Atypik_House_v1\artisan(35): Illuminate\Foundation\Console\Kernel->handle(Object(Symfony\Component\Console\Input\ArgvInput), Object(Symfony\Component\Console\Output\ConsoleOutput))
#33 {main}

Next Doctrine\DBAL\Driver\PDOException: SQLSTATE[HY000] [2002] Aucune connexion n’a pu être établie car l’ordinateur cible l’a expressément refusée.
 in C:\Users\ad\Desktop\rattrapage_f2i\Atypik_House_v1\vendor\doctrine\dbal\lib\Doctrine\DBAL\Driver\PDOConnection.php:50
Stack trace:
#0 C:\Users\ad\Desktop\rattrapage_f2i\Atypik_House_v1\vendor\laravel\framework\src\Illuminate\Database\Connectors\Connector.php(65): Doctrine\DBAL\Driver\PDOConnection->__construct('mysql:host=127....', 'forge', '', Array)
#1 C:\Users\ad\Desktop\rattrapage_f2i\Atypik_House_v1\vendor\laravel\framework\src\Illuminate\Database\Connectors\Connector.php(44): Illuminate\Database\Connectors\Connector->createPdoConnection('mysql:host=127....', 'forge', '', Array)
#2 C:\Users\ad\Desktop\rattrapage_f2i\Atypik_House_v1\vendor\laravel\framework\src\Illuminate\Database\Connectors\MySqlConnector.php(24): Illuminate\Database\Connectors\Connector->createConnection('mysql:host=127....', Array, Array)
#3 C:\Users\ad\Desktop\rattrapage_f2i\Atypik_House_v1\vendor\laravel\framework\src\Illuminate\Database\Connectors\ConnectionFactory.php(183): Illuminate\Database\Connectors\MySqlConnector->connect(Array)
#4 [internal function]: Illuminate\Database\Connectors\ConnectionFactory->Illuminate\Database\Connectors\{closure}()
#5 C:\Users\ad\Desktop\rattrapage_f2i\Atypik_House_v1\vendor\laravel\framework\src\Illuminate\Database\Connection.php(883): call_user_func(Object(Closure))
#6 C:\Users\ad\Desktop\rattrapage_f2i\Atypik_House_v1\vendor\laravel\framework\src\Illuminate\Database\Connection.php(904): Illuminate\Database\Connection->getPdo()
#7 C:\Users\ad\Desktop\rattrapage_f2i\Atypik_House_v1\vendor\laravel\framework\src\Illuminate\Database\Connection.php(392): Illuminate\Database\Connection->getReadPdo()
#8 C:\Users\ad\Desktop\rattrapage_f2i\Atypik_House_v1\vendor\laravel\framework\src\Illuminate\Database\Connection.php(318): Illuminate\Database\Connection->getPdoForSelect(true)
#9 C:\Users\ad\Desktop\rattrapage_f2i\Atypik_House_v1\vendor\laravel\framework\src\Illuminate\Database\Connection.php(640): Illuminate\Database\Connection->Illuminate\Database\{closure}('select * from `...', Array)
#10 C:\Users\ad\Desktop\rattrapage_f2i\Atypik_House_v1\vendor\laravel\framework\src\Illuminate\Database\Connection.php(607): Illuminate\Database\Connection->runQueryCallback('select * from `...', Array, Object(Closure))
#11 C:\Users\ad\Desktop\rattrapage_f2i\Atypik_House_v1\vendor\laravel\framework\src\Illuminate\Database\Connection.php(326): Illuminate\Database\Connection->run('select * from `...', Array, Object(Closure))
#12 C:\Users\ad\Desktop\rattrapage_f2i\Atypik_House_v1\vendor\laravel\framework\src\Illuminate\Database\Query\Builder.php(1705): Illuminate\Database\Connection->select('select * from `...', Array, true)
#13 C:\Users\ad\Desktop\rattrapage_f2i\Atypik_House_v1\vendor\laravel\framework\src\Illuminate\Database\Query\Builder.php(1690): Illuminate\Database\Query\Builder->runSelect()
#14 C:\Users\ad\Desktop\rattrapage_f2i\Atypik_House_v1\vendor\laravel\framework\src\Illuminate\Database\Eloquent\Builder.php(462): Illuminate\Database\Query\Builder->get(Array)
#15 C:\Users\ad\Desktop\rattrapage_f2i\Atypik_House_v1\vendor\laravel\framework\src\Illuminate\Database\Eloquent\Builder.php(446): Illuminate\Database\Eloquent\Builder->getModels(Array)
#16 C:\Users\ad\Desktop\rattrapage_f2i\Atypik_House_v1\vendor\laravel\framework\src\Illuminate\Database\Eloquent\Model.php(347): Illuminate\Database\Eloquent\Builder->get(Array)
#17 C:\Users\ad\Desktop\rattrapage_f2i\Atypik_House_v1\app\Providers\AppServiceProvider.php(25): Illuminate\Database\Eloquent\Model::all()
#18 [internal function]: App\Providers\AppServiceProvider->boot()
#19 C:\Users\ad\Desktop\rattrapage_f2i\Atypik_House_v1\vendor\laravel\framework\src\Illuminate\Container\BoundMethod.php(29): call_user_func_array(Array, Array)
#20 C:\Users\ad\Desktop\rattrapage_f2i\Atypik_House_v1\vendor\laravel\framework\src\Illuminate\Container\BoundMethod.php(87): Illuminate\Container\BoundMethod::Illuminate\Container\{closure}()
#21 C:\Users\ad\Desktop\rattrapage_f2i\Atypik_House_v1\vendor\laravel\framework\src\Illuminate\Container\BoundMethod.php(31): Illuminate\Container\BoundMethod::callBoundMethod(Object(Illuminate\Foundation\Application), Array, Object(Closure))
#22 C:\Users\ad\Desktop\rattrapage_f2i\Atypik_House_v1\vendor\laravel\framework\src\Illuminate\Container\Container.php(539): Illuminate\Container\BoundMethod::call(Object(Illuminate\Foundation\Application), Array, Array, NULL)
#23 C:\Users\ad\Desktop\rattrapage_f2i\Atypik_House_v1\vendor\laravel\framework\src\Illuminate\Foundation\Application.php(788): Illuminate\Container\Container->call(Array)
#24 C:\Users\ad\Desktop\rattrapage_f2i\Atypik_House_v1\vendor\laravel\framework\src\Illuminate\Foundation\Application.php(771): Illuminate\Foundation\Application->bootProvider(Object(App\Providers\AppServiceProvider))
#25 [internal function]: Illuminate\Foundation\Application->Illuminate\Foundation\{closure}(Object(App\Providers\AppServiceProvider), 15)
#26 C:\Users\ad\Desktop\rattrapage_f2i\Atypik_House_v1\vendor\laravel\framework\src\Illuminate\Foundation\Application.php(772): array_walk(Array, Object(Closure))
#27 C:\Users\ad\Desktop\rattrapage_f2i\Atypik_House_v1\vendor\laravel\framework\src\Illuminate\Foundation\Bootstrap\BootProviders.php(17): Illuminate\Foundation\Application->boot()
#28 C:\Users\ad\Desktop\rattrapage_f2i\Atypik_House_v1\vendor\laravel\framework\src\Illuminate\Foundation\Application.php(208): Illuminate\Foundation\Bootstrap\BootProviders->bootstrap(Object(Illuminate\Foundation\Application))
#29 C:\Users\ad\Desktop\rattrapage_f2i\Atypik_House_v1\vendor\laravel\framework\src\Illuminate\Foundation\Console\Kernel.php(267): Illuminate\Foundation\Application->bootstrapWith(Array)
#30 C:\Users\ad\Desktop\rattrapage_f2i\Atypik_House_v1\vendor\laravel\framework\src\Illuminate\Foundation\Console\Kernel.php(114): Illuminate\Foundation\Console\Kernel->bootstrap()
#31 C:\Users\ad\Desktop\rattrapage_f2i\Atypik_House_v1\artisan(35): Illuminate\Foundation\Console\Kernel->handle(Object(Symfony\Component\Console\Input\ArgvInput), Object(Symfony\Component\Console\Output\ConsoleOutput))
#32 {main}

Next Illuminate\Database\QueryException: SQLSTATE[HY000] [2002] Aucune connexion n’a pu être établie car l’ordinateur cible l’a expressément refusée.
 (SQL: select * from `houses`) in C:\Users\ad\Desktop\rattrapage_f2i\Atypik_House_v1\vendor\laravel\framework\src\Illuminate\Database\Connection.php:647
Stack trace:
#0 C:\Users\ad\Desktop\rattrapage_f2i\Atypik_House_v1\vendor\laravel\framework\src\Illuminate\Database\Connection.php(607): Illuminate\Database\Connection->runQueryCallback('select * from `...', Array, Object(Closure))
#1 C:\Users\ad\Desktop\rattrapage_f2i\Atypik_House_v1\vendor\laravel\framework\src\Illuminate\Database\Connection.php(326): Illuminate\Database\Connection->run('select * from `...', Array, Object(Closure))
#2 C:\Users\ad\Desktop\rattrapage_f2i\Atypik_House_v1\vendor\laravel\framework\src\Illuminate\Database\Query\Builder.php(1705): Illuminate\Database\Connection->select('select * from `...', Array, true)
#3 C:\Users\ad\Desktop\rattrapage_f2i\Atypik_House_v1\vendor\laravel\framework\src\Illuminate\Database\Query\Builder.php(1690): Illuminate\Database\Query\Builder->runSelect()
#4 C:\Users\ad\Desktop\rattrapage_f2i\Atypik_House_v1\vendor\laravel\framework\src\Illuminate\Database\Eloquent\Builder.php(462): Illuminate\Database\Query\Builder->get(Array)
#5 C:\Users\ad\Desktop\rattrapage_f2i\Atypik_House_v1\vendor\laravel\framework\src\Illuminate\Database\Eloquent\Builder.php(446): Illuminate\Database\Eloquent\Builder->getModels(Array)
#6 C:\Users\ad\Desktop\rattrapage_f2i\Atypik_House_v1\vendor\laravel\framework\src\Illuminate\Database\Eloquent\Model.php(347): Illuminate\Database\Eloquent\Builder->get(Array)
#7 C:\Users\ad\Desktop\rattrapage_f2i\Atypik_House_v1\app\Providers\AppServiceProvider.php(25): Illuminate\Database\Eloquent\Model::all()
#8 [internal function]: App\Providers\AppServiceProvider->boot()
#9 C:\Users\ad\Desktop\rattrapage_f2i\Atypik_House_v1\vendor\laravel\framework\src\Illuminate\Container\BoundMethod.php(29): call_user_func_array(Array, Array)
#10 C:\Users\ad\Desktop\rattrapage_f2i\Atypik_House_v1\vendor\laravel\framework\src\Illuminate\Container\BoundMethod.php(87): Illuminate\Container\BoundMethod::Illuminate\Container\{closure}()
#11 C:\Users\ad\Desktop\rattrapage_f2i\Atypik_House_v1\vendor\laravel\framework\src\Illuminate\Container\BoundMethod.php(31): Illuminate\Container\BoundMethod::callBoundMethod(Object(Illuminate\Foundation\Application), Array, Object(Closure))
#12 C:\Users\ad\Desktop\rattrapage_f2i\Atypik_House_v1\vendor\laravel\framework\src\Illuminate\Container\Container.php(539): Illuminate\Container\BoundMethod::call(Object(Illuminate\Foundation\Application), Array, Array, NULL)
#13 C:\Users\ad\Desktop\rattrapage_f2i\Atypik_House_v1\vendor\laravel\framework\src\Illuminate\Foundation\Application.php(788): Illuminate\Container\Container->call(Array)
#14 C:\Users\ad\Desktop\rattrapage_f2i\Atypik_House_v1\vendor\laravel\framework\src\Illuminate\Foundation\Application.php(771): Illuminate\Foundation\Application->bootProvider(Object(App\Providers\AppServiceProvider))
#15 [internal function]: Illuminate\Foundation\Application->Illuminate\Foundation\{closure}(Object(App\Providers\AppServiceProvider), 15)
#16 C:\Users\ad\Desktop\rattrapage_f2i\Atypik_House_v1\vendor\laravel\framework\src\Illuminate\Foundation\Application.php(772): array_walk(Array, Object(Closure))
#17 C:\Users\ad\Desktop\rattrapage_f2i\Atypik_House_v1\vendor\laravel\framework\src\Illuminate\Foundation\Bootstrap\BootProviders.php(17): Illuminate\Foundation\Application->boot()
#18 C:\Users\ad\Desktop\rattrapage_f2i\Atypik_House_v1\vendor\laravel\framework\src\Illuminate\Foundation\Application.php(208): Illuminate\Foundation\Bootstrap\BootProviders->bootstrap(Object(Illuminate\Foundation\Application))
#19 C:\Users\ad\Desktop\rattrapage_f2i\Atypik_House_v1\vendor\laravel\framework\src\Illuminate\Foundation\Console\Kernel.php(267): Illuminate\Foundation\Application->bootstrapWith(Array)
#20 C:\Users\ad\Desktop\rattrapage_f2i\Atypik_House_v1\vendor\laravel\framework\src\Illuminate\Foundation\Console\Kernel.php(114): Illuminate\Foundation\Console\Kernel->bootstrap()
#21 C:\Users\ad\Desktop\rattrapage_f2i\Atypik_House_v1\artisan(35): Illuminate\Foundation\Console\Kernel->handle(Object(Symfony\Component\Console\Input\ArgvInput), Object(Symfony\Component\Console\Output\ConsoleOutput))
#22 {main}  
[2018-10-14 14:07:09] production.ERROR: PDOException: SQLSTATE[HY000] [2002] Aucune connexion n’a pu être établie car l’ordinateur cible l’a expressément refusée.
 in C:\Users\ad\Desktop\rattrapage_f2i\Atypik_House_v1\vendor\doctrine\dbal\lib\Doctrine\DBAL\Driver\PDOConnection.php:46
Stack trace:
#0 C:\Users\ad\Desktop\rattrapage_f2i\Atypik_House_v1\vendor\doctrine\dbal\lib\Doctrine\DBAL\Driver\PDOConnection.php(46): PDO->__construct('mysql:host=127....', 'forge', '', Array)
#1 C:\Users\ad\Desktop\rattrapage_f2i\Atypik_House_v1\vendor\laravel\framework\src\Illuminate\Database\Connectors\Connector.php(65): Doctrine\DBAL\Driver\PDOConnection->__construct('mysql:host=127....', 'forge', '', Array)
#2 C:\Users\ad\Desktop\rattrapage_f2i\Atypik_House_v1\vendor\laravel\framework\src\Illuminate\Database\Connectors\Connector.php(44): Illuminate\Database\Connectors\Connector->createPdoConnection('mysql:host=127....', 'forge', '', Array)
#3 C:\Users\ad\Desktop\rattrapage_f2i\Atypik_House_v1\vendor\laravel\framework\src\Illuminate\Database\Connectors\MySqlConnector.php(24): Illuminate\Database\Connectors\Connector->createConnection('mysql:host=127....', Array, Array)
#4 C:\Users\ad\Desktop\rattrapage_f2i\Atypik_House_v1\vendor\laravel\framework\src\Illuminate\Database\Connectors\ConnectionFactory.php(183): Illuminate\Database\Connectors\MySqlConnector->connect(Array)
#5 [internal function]: Illuminate\Database\Connectors\ConnectionFactory->Illuminate\Database\Connectors\{closure}()
#6 C:\Users\ad\Desktop\rattrapage_f2i\Atypik_House_v1\vendor\laravel\framework\src\Illuminate\Database\Connection.php(883): call_user_func(Object(Closure))
#7 C:\Users\ad\Desktop\rattrapage_f2i\Atypik_House_v1\vendor\laravel\framework\src\Illuminate\Database\Connection.php(904): Illuminate\Database\Connection->getPdo()
#8 C:\Users\ad\Desktop\rattrapage_f2i\Atypik_House_v1\vendor\laravel\framework\src\Illuminate\Database\Connection.php(392): Illuminate\Database\Connection->getReadPdo()
#9 C:\Users\ad\Desktop\rattrapage_f2i\Atypik_House_v1\vendor\laravel\framework\src\Illuminate\Database\Connection.php(318): Illuminate\Database\Connection->getPdoForSelect(true)
#10 C:\Users\ad\Desktop\rattrapage_f2i\Atypik_House_v1\vendor\laravel\framework\src\Illuminate\Database\Connection.php(640): Illuminate\Database\Connection->Illuminate\Database\{closure}('select * from `...', Array)
#11 C:\Users\ad\Desktop\rattrapage_f2i\Atypik_House_v1\vendor\laravel\framework\src\Illuminate\Database\Connection.php(607): Illuminate\Database\Connection->runQueryCallback('select * from `...', Array, Object(Closure))
#12 C:\Users\ad\Desktop\rattrapage_f2i\Atypik_House_v1\vendor\laravel\framework\src\Illuminate\Database\Connection.php(326): Illuminate\Database\Connection->run('select * from `...', Array, Object(Closure))
#13 C:\Users\ad\Desktop\rattrapage_f2i\Atypik_House_v1\vendor\laravel\framework\src\Illuminate\Database\Query\Builder.php(1705): Illuminate\Database\Connection->select('select * from `...', Array, true)
#14 C:\Users\ad\Desktop\rattrapage_f2i\Atypik_House_v1\vendor\laravel\framework\src\Illuminate\Database\Query\Builder.php(1690): Illuminate\Database\Query\Builder->runSelect()
#15 C:\Users\ad\Desktop\rattrapage_f2i\Atypik_House_v1\vendor\laravel\framework\src\Illuminate\Database\Eloquent\Builder.php(462): Illuminate\Database\Query\Builder->get(Array)
#16 C:\Users\ad\Desktop\rattrapage_f2i\Atypik_House_v1\vendor\laravel\framework\src\Illuminate\Database\Eloquent\Builder.php(446): Illuminate\Database\Eloquent\Builder->getModels(Array)
#17 C:\Users\ad\Desktop\rattrapage_f2i\Atypik_House_v1\vendor\laravel\framework\src\Illuminate\Database\Eloquent\Model.php(347): Illuminate\Database\Eloquent\Builder->get(Array)
#18 C:\Users\ad\Desktop\rattrapage_f2i\Atypik_House_v1\app\Providers\AppServiceProvider.php(25): Illuminate\Database\Eloquent\Model::all()
#19 [internal function]: App\Providers\AppServiceProvider->boot()
#20 C:\Users\ad\Desktop\rattrapage_f2i\Atypik_House_v1\vendor\laravel\framework\src\Illuminate\Container\BoundMethod.php(29): call_user_func_array(Array, Array)
#21 C:\Users\ad\Desktop\rattrapage_f2i\Atypik_House_v1\vendor\laravel\framework\src\Illuminate\Container\BoundMethod.php(87): Illuminate\Container\BoundMethod::Illuminate\Container\{closure}()
#22 C:\Users\ad\Desktop\rattrapage_f2i\Atypik_House_v1\vendor\laravel\framework\src\Illuminate\Container\BoundMethod.php(31): Illuminate\Container\BoundMethod::callBoundMethod(Object(Illuminate\Foundation\Application), Array, Object(Closure))
#23 C:\Users\ad\Desktop\rattrapage_f2i\Atypik_House_v1\vendor\laravel\framework\src\Illuminate\Container\Container.php(539): Illuminate\Container\BoundMethod::call(Object(Illuminate\Foundation\Application), Array, Array, NULL)
#24 C:\Users\ad\Desktop\rattrapage_f2i\Atypik_House_v1\vendor\laravel\framework\src\Illuminate\Foundation\Application.php(788): Illuminate\Container\Container->call(Array)
#25 C:\Users\ad\Desktop\rattrapage_f2i\Atypik_House_v1\vendor\laravel\framework\src\Illuminate\Foundation\Application.php(771): Illuminate\Foundation\Application->bootProvider(Object(App\Providers\AppServiceProvider))
#26 [internal function]: Illuminate\Foundation\Application->Illuminate\Foundation\{closure}(Object(App\Providers\AppServiceProvider), 15)
#27 C:\Users\ad\Desktop\rattrapage_f2i\Atypik_House_v1\vendor\laravel\framework\src\Illuminate\Foundation\Application.php(772): array_walk(Array, Object(Closure))
#28 C:\Users\ad\Desktop\rattrapage_f2i\Atypik_House_v1\vendor\laravel\framework\src\Illuminate\Foundation\Bootstrap\BootProviders.php(17): Illuminate\Foundation\Application->boot()
#29 C:\Users\ad\Desktop\rattrapage_f2i\Atypik_House_v1\vendor\laravel\framework\src\Illuminate\Foundation\Application.php(208): Illuminate\Foundation\Bootstrap\BootProviders->bootstrap(Object(Illuminate\Foundation\Application))
#30 C:\Users\ad\Desktop\rattrapage_f2i\Atypik_House_v1\vendor\laravel\framework\src\Illuminate\Foundation\Console\Kernel.php(267): Illuminate\Foundation\Application->bootstrapWith(Array)
#31 C:\Users\ad\Desktop\rattrapage_f2i\Atypik_House_v1\vendor\laravel\framework\src\Illuminate\Foundation\Console\Kernel.php(114): Illuminate\Foundation\Console\Kernel->bootstrap()
#32 C:\Users\ad\Desktop\rattrapage_f2i\Atypik_House_v1\artisan(35): Illuminate\Foundation\Console\Kernel->handle(Object(Symfony\Component\Console\Input\ArgvInput), Object(Symfony\Component\Console\Output\ConsoleOutput))
#33 {main}

Next Doctrine\DBAL\Driver\PDOException: SQLSTATE[HY000] [2002] Aucune connexion n’a pu être établie car l’ordinateur cible l’a expressément refusée.
 in C:\Users\ad\Desktop\rattrapage_f2i\Atypik_House_v1\vendor\doctrine\dbal\lib\Doctrine\DBAL\Driver\PDOConnection.php:50
Stack trace:
#0 C:\Users\ad\Desktop\rattrapage_f2i\Atypik_House_v1\vendor\laravel\framework\src\Illuminate\Database\Connectors\Connector.php(65): Doctrine\DBAL\Driver\PDOConnection->__construct('mysql:host=127....', 'forge', '', Array)
#1 C:\Users\ad\Desktop\rattrapage_f2i\Atypik_House_v1\vendor\laravel\framework\src\Illuminate\Database\Connectors\Connector.php(44): Illuminate\Database\Connectors\Connector->createPdoConnection('mysql:host=127....', 'forge', '', Array)
#2 C:\Users\ad\Desktop\rattrapage_f2i\Atypik_House_v1\vendor\laravel\framework\src\Illuminate\Database\Connectors\MySqlConnector.php(24): Illuminate\Database\Connectors\Connector->createConnection('mysql:host=127....', Array, Array)
#3 C:\Users\ad\Desktop\rattrapage_f2i\Atypik_House_v1\vendor\laravel\framework\src\Illuminate\Database\Connectors\ConnectionFactory.php(183): Illuminate\Database\Connectors\MySqlConnector->connect(Array)
#4 [internal function]: Illuminate\Database\Connectors\ConnectionFactory->Illuminate\Database\Connectors\{closure}()
#5 C:\Users\ad\Desktop\rattrapage_f2i\Atypik_House_v1\vendor\laravel\framework\src\Illuminate\Database\Connection.php(883): call_user_func(Object(Closure))
#6 C:\Users\ad\Desktop\rattrapage_f2i\Atypik_House_v1\vendor\laravel\framework\src\Illuminate\Database\Connection.php(904): Illuminate\Database\Connection->getPdo()
#7 C:\Users\ad\Desktop\rattrapage_f2i\Atypik_House_v1\vendor\laravel\framework\src\Illuminate\Database\Connection.php(392): Illuminate\Database\Connection->getReadPdo()
#8 C:\Users\ad\Desktop\rattrapage_f2i\Atypik_House_v1\vendor\laravel\framework\src\Illuminate\Database\Connection.php(318): Illuminate\Database\Connection->getPdoForSelect(true)
#9 C:\Users\ad\Desktop\rattrapage_f2i\Atypik_House_v1\vendor\laravel\framework\src\Illuminate\Database\Connection.php(640): Illuminate\Database\Connection->Illuminate\Database\{closure}('select * from `...', Array)
#10 C:\Users\ad\Desktop\rattrapage_f2i\Atypik_House_v1\vendor\laravel\framework\src\Illuminate\Database\Connection.php(607): Illuminate\Database\Connection->runQueryCallback('select * from `...', Array, Object(Closure))
#11 C:\Users\ad\Desktop\rattrapage_f2i\Atypik_House_v1\vendor\laravel\framework\src\Illuminate\Database\Connection.php(326): Illuminate\Database\Connection->run('select * from `...', Array, Object(Closure))
#12 C:\Users\ad\Desktop\rattrapage_f2i\Atypik_House_v1\vendor\laravel\framework\src\Illuminate\Database\Query\Builder.php(1705): Illuminate\Database\Connection->select('select * from `...', Array, true)
#13 C:\Users\ad\Desktop\rattrapage_f2i\Atypik_House_v1\vendor\laravel\framework\src\Illuminate\Database\Query\Builder.php(1690): Illuminate\Database\Query\Builder->runSelect()
#14 C:\Users\ad\Desktop\rattrapage_f2i\Atypik_House_v1\vendor\laravel\framework\src\Illuminate\Database\Eloquent\Builder.php(462): Illuminate\Database\Query\Builder->get(Array)
#15 C:\Users\ad\Desktop\rattrapage_f2i\Atypik_House_v1\vendor\laravel\framework\src\Illuminate\Database\Eloquent\Builder.php(446): Illuminate\Database\Eloquent\Builder->getModels(Array)
#16 C:\Users\ad\Desktop\rattrapage_f2i\Atypik_House_v1\vendor\laravel\framework\src\Illuminate\Database\Eloquent\Model.php(347): Illuminate\Database\Eloquent\Builder->get(Array)
#17 C:\Users\ad\Desktop\rattrapage_f2i\Atypik_House_v1\app\Providers\AppServiceProvider.php(25): Illuminate\Database\Eloquent\Model::all()
#18 [internal function]: App\Providers\AppServiceProvider->boot()
#19 C:\Users\ad\Desktop\rattrapage_f2i\Atypik_House_v1\vendor\laravel\framework\src\Illuminate\Container\BoundMethod.php(29): call_user_func_array(Array, Array)
#20 C:\Users\ad\Desktop\rattrapage_f2i\Atypik_House_v1\vendor\laravel\framework\src\Illuminate\Container\BoundMethod.php(87): Illuminate\Container\BoundMethod::Illuminate\Container\{closure}()
#21 C:\Users\ad\Desktop\rattrapage_f2i\Atypik_House_v1\vendor\laravel\framework\src\Illuminate\Container\BoundMethod.php(31): Illuminate\Container\BoundMethod::callBoundMethod(Object(Illuminate\Foundation\Application), Array, Object(Closure))
#22 C:\Users\ad\Desktop\rattrapage_f2i\Atypik_House_v1\vendor\laravel\framework\src\Illuminate\Container\Container.php(539): Illuminate\Container\BoundMethod::call(Object(Illuminate\Foundation\Application), Array, Array, NULL)
#23 C:\Users\ad\Desktop\rattrapage_f2i\Atypik_House_v1\vendor\laravel\framework\src\Illuminate\Foundation\Application.php(788): Illuminate\Container\Container->call(Array)
#24 C:\Users\ad\Desktop\rattrapage_f2i\Atypik_House_v1\vendor\laravel\framework\src\Illuminate\Foundation\Application.php(771): Illuminate\Foundation\Application->bootProvider(Object(App\Providers\AppServiceProvider))
#25 [internal function]: Illuminate\Foundation\Application->Illuminate\Foundation\{closure}(Object(App\Providers\AppServiceProvider), 15)
#26 C:\Users\ad\Desktop\rattrapage_f2i\Atypik_House_v1\vendor\laravel\framework\src\Illuminate\Foundation\Application.php(772): array_walk(Array, Object(Closure))
#27 C:\Users\ad\Desktop\rattrapage_f2i\Atypik_House_v1\vendor\laravel\framework\src\Illuminate\Foundation\Bootstrap\BootProviders.php(17): Illuminate\Foundation\Application->boot()
#28 C:\Users\ad\Desktop\rattrapage_f2i\Atypik_House_v1\vendor\laravel\framework\src\Illuminate\Foundation\Application.php(208): Illuminate\Foundation\Bootstrap\BootProviders->bootstrap(Object(Illuminate\Foundation\Application))
#29 C:\Users\ad\Desktop\rattrapage_f2i\Atypik_House_v1\vendor\laravel\framework\src\Illuminate\Foundation\Console\Kernel.php(267): Illuminate\Foundation\Application->bootstrapWith(Array)
#30 C:\Users\ad\Desktop\rattrapage_f2i\Atypik_House_v1\vendor\laravel\framework\src\Illuminate\Foundation\Console\Kernel.php(114): Illuminate\Foundation\Console\Kernel->bootstrap()
#31 C:\Users\ad\Desktop\rattrapage_f2i\Atypik_House_v1\artisan(35): Illuminate\Foundation\Console\Kernel->handle(Object(Symfony\Component\Console\Input\ArgvInput), Object(Symfony\Component\Console\Output\ConsoleOutput))
#32 {main}  
[2018-10-14 14:07:09] production.ERROR: PDOException: SQLSTATE[HY000] [2002] Aucune connexion n’a pu être établie car l’ordinateur cible l’a expressément refusée.
 in C:\Users\ad\Desktop\rattrapage_f2i\Atypik_House_v1\vendor\doctrine\dbal\lib\Doctrine\DBAL\Driver\PDOConnection.php:46
Stack trace:
#0 C:\Users\ad\Desktop\rattrapage_f2i\Atypik_House_v1\vendor\doctrine\dbal\lib\Doctrine\DBAL\Driver\PDOConnection.php(46): PDO->__construct('mysql:host=127....', 'forge', '', Array)
#1 C:\Users\ad\Desktop\rattrapage_f2i\Atypik_House_v1\vendor\laravel\framework\src\Illuminate\Database\Connectors\Connector.php(65): Doctrine\DBAL\Driver\PDOConnection->__construct('mysql:host=127....', 'forge', '', Array)
#2 C:\Users\ad\Desktop\rattrapage_f2i\Atypik_House_v1\vendor\laravel\framework\src\Illuminate\Database\Connectors\Connector.php(44): Illuminate\Database\Connectors\Connector->createPdoConnection('mysql:host=127....', 'forge', '', Array)
#3 C:\Users\ad\Desktop\rattrapage_f2i\Atypik_House_v1\vendor\laravel\framework\src\Illuminate\Database\Connectors\MySqlConnector.php(24): Illuminate\Database\Connectors\Connector->createConnection('mysql:host=127....', Array, Array)
#4 C:\Users\ad\Desktop\rattrapage_f2i\Atypik_House_v1\vendor\laravel\framework\src\Illuminate\Database\Connectors\ConnectionFactory.php(183): Illuminate\Database\Connectors\MySqlConnector->connect(Array)
#5 [internal function]: Illuminate\Database\Connectors\ConnectionFactory->Illuminate\Database\Connectors\{closure}()
#6 C:\Users\ad\Desktop\rattrapage_f2i\Atypik_House_v1\vendor\laravel\framework\src\Illuminate\Database\Connection.php(883): call_user_func(Object(Closure))
#7 C:\Users\ad\Desktop\rattrapage_f2i\Atypik_House_v1\vendor\laravel\framework\src\Illuminate\Database\Connection.php(904): Illuminate\Database\Connection->getPdo()
#8 C:\Users\ad\Desktop\rattrapage_f2i\Atypik_House_v1\vendor\laravel\framework\src\Illuminate\Database\Connection.php(392): Illuminate\Database\Connection->getReadPdo()
#9 C:\Users\ad\Desktop\rattrapage_f2i\Atypik_House_v1\vendor\laravel\framework\src\Illuminate\Database\Connection.php(318): Illuminate\Database\Connection->getPdoForSelect(true)
#10 C:\Users\ad\Desktop\rattrapage_f2i\Atypik_House_v1\vendor\laravel\framework\src\Illuminate\Database\Connection.php(640): Illuminate\Database\Connection->Illuminate\Database\{closure}('select * from `...', Array)
#11 C:\Users\ad\Desktop\rattrapage_f2i\Atypik_House_v1\vendor\laravel\framework\src\Illuminate\Database\Connection.php(607): Illuminate\Database\Connection->runQueryCallback('select * from `...', Array, Object(Closure))
#12 C:\Users\ad\Desktop\rattrapage_f2i\Atypik_House_v1\vendor\laravel\framework\src\Illuminate\Database\Connection.php(326): Illuminate\Database\Connection->run('select * from `...', Array, Object(Closure))
#13 C:\Users\ad\Desktop\rattrapage_f2i\Atypik_House_v1\vendor\laravel\framework\src\Illuminate\Database\Query\Builder.php(1705): Illuminate\Database\Connection->select('select * from `...', Array, true)
#14 C:\Users\ad\Desktop\rattrapage_f2i\Atypik_House_v1\vendor\laravel\framework\src\Illuminate\Database\Query\Builder.php(1690): Illuminate\Database\Query\Builder->runSelect()
#15 C:\Users\ad\Desktop\rattrapage_f2i\Atypik_House_v1\vendor\laravel\framework\src\Illuminate\Database\Eloquent\Builder.php(462): Illuminate\Database\Query\Builder->get(Array)
#16 C:\Users\ad\Desktop\rattrapage_f2i\Atypik_House_v1\vendor\laravel\framework\src\Illuminate\Database\Eloquent\Builder.php(446): Illuminate\Database\Eloquent\Builder->getModels(Array)
#17 C:\Users\ad\Desktop\rattrapage_f2i\Atypik_House_v1\vendor\laravel\framework\src\Illuminate\Database\Eloquent\Model.php(347): Illuminate\Database\Eloquent\Builder->get(Array)
#18 C:\Users\ad\Desktop\rattrapage_f2i\Atypik_House_v1\app\Providers\AppServiceProvider.php(25): Illuminate\Database\Eloquent\Model::all()
#19 [internal function]: App\Providers\AppServiceProvider->boot()
#20 C:\Users\ad\Desktop\rattrapage_f2i\Atypik_House_v1\vendor\laravel\framework\src\Illuminate\Container\BoundMethod.php(29): call_user_func_array(Array, Array)
#21 C:\Users\ad\Desktop\rattrapage_f2i\Atypik_House_v1\vendor\laravel\framework\src\Illuminate\Container\BoundMethod.php(87): Illuminate\Container\BoundMethod::Illuminate\Container\{closure}()
#22 C:\Users\ad\Desktop\rattrapage_f2i\Atypik_House_v1\vendor\laravel\framework\src\Illuminate\Container\BoundMethod.php(31): Illuminate\Container\BoundMethod::callBoundMethod(Object(Illuminate\Foundation\Application), Array, Object(Closure))
#23 C:\Users\ad\Desktop\rattrapage_f2i\Atypik_House_v1\vendor\laravel\framework\src\Illuminate\Container\Container.php(539): Illuminate\Container\BoundMethod::call(Object(Illuminate\Foundation\Application), Array, Array, NULL)
#24 C:\Users\ad\Desktop\rattrapage_f2i\Atypik_House_v1\vendor\laravel\framework\src\Illuminate\Foundation\Application.php(788): Illuminate\Container\Container->call(Array)
#25 C:\Users\ad\Desktop\rattrapage_f2i\Atypik_House_v1\vendor\laravel\framework\src\Illuminate\Foundation\Application.php(771): Illuminate\Foundation\Application->bootProvider(Object(App\Providers\AppServiceProvider))
#26 [internal function]: Illuminate\Foundation\Application->Illuminate\Foundation\{closure}(Object(App\Providers\AppServiceProvider), 15)
#27 C:\Users\ad\Desktop\rattrapage_f2i\Atypik_House_v1\vendor\laravel\framework\src\Illuminate\Foundation\Application.php(772): array_walk(Array, Object(Closure))
#28 C:\Users\ad\Desktop\rattrapage_f2i\Atypik_House_v1\vendor\laravel\framework\src\Illuminate\Foundation\Bootstrap\BootProviders.php(17): Illuminate\Foundation\Application->boot()
#29 C:\Users\ad\Desktop\rattrapage_f2i\Atypik_House_v1\vendor\laravel\framework\src\Illuminate\Foundation\Application.php(208): Illuminate\Foundation\Bootstrap\BootProviders->bootstrap(Object(Illuminate\Foundation\Application))
#30 C:\Users\ad\Desktop\rattrapage_f2i\Atypik_House_v1\vendor\laravel\framework\src\Illuminate\Foundation\Console\Kernel.php(267): Illuminate\Foundation\Application->bootstrapWith(Array)
#31 C:\Users\ad\Desktop\rattrapage_f2i\Atypik_House_v1\vendor\laravel\framework\src\Illuminate\Foundation\Console\Kernel.php(114): Illuminate\Foundation\Console\Kernel->bootstrap()
#32 C:\Users\ad\Desktop\rattrapage_f2i\Atypik_House_v1\artisan(35): Illuminate\Foundation\Console\Kernel->handle(Object(Symfony\Component\Console\Input\ArgvInput), Object(Symfony\Component\Console\Output\ConsoleOutput))
#33 {main}

Next Doctrine\DBAL\Driver\PDOException: SQLSTATE[HY000] [2002] Aucune connexion n’a pu être établie car l’ordinateur cible l’a expressément refusée.
 in C:\Users\ad\Desktop\rattrapage_f2i\Atypik_House_v1\vendor\doctrine\dbal\lib\Doctrine\DBAL\Driver\PDOConnection.php:50
Stack trace:
#0 C:\Users\ad\Desktop\rattrapage_f2i\Atypik_House_v1\vendor\laravel\framework\src\Illuminate\Database\Connectors\Connector.php(65): Doctrine\DBAL\Driver\PDOConnection->__construct('mysql:host=127....', 'forge', '', Array)
#1 C:\Users\ad\Desktop\rattrapage_f2i\Atypik_House_v1\vendor\laravel\framework\src\Illuminate\Database\Connectors\Connector.php(44): Illuminate\Database\Connectors\Connector->createPdoConnection('mysql:host=127....', 'forge', '', Array)
#2 C:\Users\ad\Desktop\rattrapage_f2i\Atypik_House_v1\vendor\laravel\framework\src\Illuminate\Database\Connectors\MySqlConnector.php(24): Illuminate\Database\Connectors\Connector->createConnection('mysql:host=127....', Array, Array)
#3 C:\Users\ad\Desktop\rattrapage_f2i\Atypik_House_v1\vendor\laravel\framework\src\Illuminate\Database\Connectors\ConnectionFactory.php(183): Illuminate\Database\Connectors\MySqlConnector->connect(Array)
#4 [internal function]: Illuminate\Database\Connectors\ConnectionFactory->Illuminate\Database\Connectors\{closure}()
#5 C:\Users\ad\Desktop\rattrapage_f2i\Atypik_House_v1\vendor\laravel\framework\src\Illuminate\Database\Connection.php(883): call_user_func(Object(Closure))
#6 C:\Users\ad\Desktop\rattrapage_f2i\Atypik_House_v1\vendor\laravel\framework\src\Illuminate\Database\Connection.php(904): Illuminate\Database\Connection->getPdo()
#7 C:\Users\ad\Desktop\rattrapage_f2i\Atypik_House_v1\vendor\laravel\framework\src\Illuminate\Database\Connection.php(392): Illuminate\Database\Connection->getReadPdo()
#8 C:\Users\ad\Desktop\rattrapage_f2i\Atypik_House_v1\vendor\laravel\framework\src\Illuminate\Database\Connection.php(318): Illuminate\Database\Connection->getPdoForSelect(true)
#9 C:\Users\ad\Desktop\rattrapage_f2i\Atypik_House_v1\vendor\laravel\framework\src\Illuminate\Database\Connection.php(640): Illuminate\Database\Connection->Illuminate\Database\{closure}('select * from `...', Array)
#10 C:\Users\ad\Desktop\rattrapage_f2i\Atypik_House_v1\vendor\laravel\framework\src\Illuminate\Database\Connection.php(607): Illuminate\Database\Connection->runQueryCallback('select * from `...', Array, Object(Closure))
#11 C:\Users\ad\Desktop\rattrapage_f2i\Atypik_House_v1\vendor\laravel\framework\src\Illuminate\Database\Connection.php(326): Illuminate\Database\Connection->run('select * from `...', Array, Object(Closure))
#12 C:\Users\ad\Desktop\rattrapage_f2i\Atypik_House_v1\vendor\laravel\framework\src\Illuminate\Database\Query\Builder.php(1705): Illuminate\Database\Connection->select('select * from `...', Array, true)
#13 C:\Users\ad\Desktop\rattrapage_f2i\Atypik_House_v1\vendor\laravel\framework\src\Illuminate\Database\Query\Builder.php(1690): Illuminate\Database\Query\Builder->runSelect()
#14 C:\Users\ad\Desktop\rattrapage_f2i\Atypik_House_v1\vendor\laravel\framework\src\Illuminate\Database\Eloquent\Builder.php(462): Illuminate\Database\Query\Builder->get(Array)
#15 C:\Users\ad\Desktop\rattrapage_f2i\Atypik_House_v1\vendor\laravel\framework\src\Illuminate\Database\Eloquent\Builder.php(446): Illuminate\Database\Eloquent\Builder->getModels(Array)
#16 C:\Users\ad\Desktop\rattrapage_f2i\Atypik_House_v1\vendor\laravel\framework\src\Illuminate\Database\Eloquent\Model.php(347): Illuminate\Database\Eloquent\Builder->get(Array)
#17 C:\Users\ad\Desktop\rattrapage_f2i\Atypik_House_v1\app\Providers\AppServiceProvider.php(25): Illuminate\Database\Eloquent\Model::all()
#18 [internal function]: App\Providers\AppServiceProvider->boot()
#19 C:\Users\ad\Desktop\rattrapage_f2i\Atypik_House_v1\vendor\laravel\framework\src\Illuminate\Container\BoundMethod.php(29): call_user_func_array(Array, Array)
#20 C:\Users\ad\Desktop\rattrapage_f2i\Atypik_House_v1\vendor\laravel\framework\src\Illuminate\Container\BoundMethod.php(87): Illuminate\Container\BoundMethod::Illuminate\Container\{closure}()
#21 C:\Users\ad\Desktop\rattrapage_f2i\Atypik_House_v1\vendor\laravel\framework\src\Illuminate\Container\BoundMethod.php(31): Illuminate\Container\BoundMethod::callBoundMethod(Object(Illuminate\Foundation\Application), Array, Object(Closure))
#22 C:\Users\ad\Desktop\rattrapage_f2i\Atypik_House_v1\vendor\laravel\framework\src\Illuminate\Container\Container.php(539): Illuminate\Container\BoundMethod::call(Object(Illuminate\Foundation\Application), Array, Array, NULL)
#23 C:\Users\ad\Desktop\rattrapage_f2i\Atypik_House_v1\vendor\laravel\framework\src\Illuminate\Foundation\Application.php(788): Illuminate\Container\Container->call(Array)
#24 C:\Users\ad\Desktop\rattrapage_f2i\Atypik_House_v1\vendor\laravel\framework\src\Illuminate\Foundation\Application.php(771): Illuminate\Foundation\Application->bootProvider(Object(App\Providers\AppServiceProvider))
#25 [internal function]: Illuminate\Foundation\Application->Illuminate\Foundation\{closure}(Object(App\Providers\AppServiceProvider), 15)
#26 C:\Users\ad\Desktop\rattrapage_f2i\Atypik_House_v1\vendor\laravel\framework\src\Illuminate\Foundation\Application.php(772): array_walk(Array, Object(Closure))
#27 C:\Users\ad\Desktop\rattrapage_f2i\Atypik_House_v1\vendor\laravel\framework\src\Illuminate\Foundation\Bootstrap\BootProviders.php(17): Illuminate\Foundation\Application->boot()
#28 C:\Users\ad\Desktop\rattrapage_f2i\Atypik_House_v1\vendor\laravel\framework\src\Illuminate\Foundation\Application.php(208): Illuminate\Foundation\Bootstrap\BootProviders->bootstrap(Object(Illuminate\Foundation\Application))
#29 C:\Users\ad\Desktop\rattrapage_f2i\Atypik_House_v1\vendor\laravel\framework\src\Illuminate\Foundation\Console\Kernel.php(267): Illuminate\Foundation\Application->bootstrapWith(Array)
#30 C:\Users\ad\Desktop\rattrapage_f2i\Atypik_House_v1\vendor\laravel\framework\src\Illuminate\Foundation\Console\Kernel.php(114): Illuminate\Foundation\Console\Kernel->bootstrap()
#31 C:\Users\ad\Desktop\rattrapage_f2i\Atypik_House_v1\artisan(35): Illuminate\Foundation\Console\Kernel->handle(Object(Symfony\Component\Console\Input\ArgvInput), Object(Symfony\Component\Console\Output\ConsoleOutput))
#32 {main}

Next Illuminate\Database\QueryException: SQLSTATE[HY000] [2002] Aucune connexion n’a pu être établie car l’ordinateur cible l’a expressément refusée.
 (SQL: select * from `houses`) in C:\Users\ad\Desktop\rattrapage_f2i\Atypik_House_v1\vendor\laravel\framework\src\Illuminate\Database\Connection.php:647
Stack trace:
#0 C:\Users\ad\Desktop\rattrapage_f2i\Atypik_House_v1\vendor\laravel\framework\src\Illuminate\Database\Connection.php(607): Illuminate\Database\Connection->runQueryCallback('select * from `...', Array, Object(Closure))
#1 C:\Users\ad\Desktop\rattrapage_f2i\Atypik_House_v1\vendor\laravel\framework\src\Illuminate\Database\Connection.php(326): Illuminate\Database\Connection->run('select * from `...', Array, Object(Closure))
#2 C:\Users\ad\Desktop\rattrapage_f2i\Atypik_House_v1\vendor\laravel\framework\src\Illuminate\Database\Query\Builder.php(1705): Illuminate\Database\Connection->select('select * from `...', Array, true)
#3 C:\Users\ad\Desktop\rattrapage_f2i\Atypik_House_v1\vendor\laravel\framework\src\Illuminate\Database\Query\Builder.php(1690): Illuminate\Database\Query\Builder->runSelect()
#4 C:\Users\ad\Desktop\rattrapage_f2i\Atypik_House_v1\vendor\laravel\framework\src\Illuminate\Database\Eloquent\Builder.php(462): Illuminate\Database\Query\Builder->get(Array)
#5 C:\Users\ad\Desktop\rattrapage_f2i\Atypik_House_v1\vendor\laravel\framework\src\Illuminate\Database\Eloquent\Builder.php(446): Illuminate\Database\Eloquent\Builder->getModels(Array)
#6 C:\Users\ad\Desktop\rattrapage_f2i\Atypik_House_v1\vendor\laravel\framework\src\Illuminate\Database\Eloquent\Model.php(347): Illuminate\Database\Eloquent\Builder->get(Array)
#7 C:\Users\ad\Desktop\rattrapage_f2i\Atypik_House_v1\app\Providers\AppServiceProvider.php(25): Illuminate\Database\Eloquent\Model::all()
#8 [internal function]: App\Providers\AppServiceProvider->boot()
#9 C:\Users\ad\Desktop\rattrapage_f2i\Atypik_House_v1\vendor\laravel\framework\src\Illuminate\Container\BoundMethod.php(29): call_user_func_array(Array, Array)
#10 C:\Users\ad\Desktop\rattrapage_f2i\Atypik_House_v1\vendor\laravel\framework\src\Illuminate\Container\BoundMethod.php(87): Illuminate\Container\BoundMethod::Illuminate\Container\{closure}()
#11 C:\Users\ad\Desktop\rattrapage_f2i\Atypik_House_v1\vendor\laravel\framework\src\Illuminate\Container\BoundMethod.php(31): Illuminate\Container\BoundMethod::callBoundMethod(Object(Illuminate\Foundation\Application), Array, Object(Closure))
#12 C:\Users\ad\Desktop\rattrapage_f2i\Atypik_House_v1\vendor\laravel\framework\src\Illuminate\Container\Container.php(539): Illuminate\Container\BoundMethod::call(Object(Illuminate\Foundation\Application), Array, Array, NULL)
#13 C:\Users\ad\Desktop\rattrapage_f2i\Atypik_House_v1\vendor\laravel\framework\src\Illuminate\Foundation\Application.php(788): Illuminate\Container\Container->call(Array)
#14 C:\Users\ad\Desktop\rattrapage_f2i\Atypik_House_v1\vendor\laravel\framework\src\Illuminate\Foundation\Application.php(771): Illuminate\Foundation\Application->bootProvider(Object(App\Providers\AppServiceProvider))
#15 [internal function]: Illuminate\Foundation\Application->Illuminate\Foundation\{closure}(Object(App\Providers\AppServiceProvider), 15)
#16 C:\Users\ad\Desktop\rattrapage_f2i\Atypik_House_v1\vendor\laravel\framework\src\Illuminate\Foundation\Application.php(772): array_walk(Array, Object(Closure))
#17 C:\Users\ad\Desktop\rattrapage_f2i\Atypik_House_v1\vendor\laravel\framework\src\Illuminate\Foundation\Bootstrap\BootProviders.php(17): Illuminate\Foundation\Application->boot()
#18 C:\Users\ad\Desktop\rattrapage_f2i\Atypik_House_v1\vendor\laravel\framework\src\Illuminate\Foundation\Application.php(208): Illuminate\Foundation\Bootstrap\BootProviders->bootstrap(Object(Illuminate\Foundation\Application))
#19 C:\Users\ad\Desktop\rattrapage_f2i\Atypik_House_v1\vendor\laravel\framework\src\Illuminate\Foundation\Console\Kernel.php(267): Illuminate\Foundation\Application->bootstrapWith(Array)
#20 C:\Users\ad\Desktop\rattrapage_f2i\Atypik_House_v1\vendor\laravel\framework\src\Illuminate\Foundation\Console\Kernel.php(114): Illuminate\Foundation\Console\Kernel->bootstrap()
#21 C:\Users\ad\Desktop\rattrapage_f2i\Atypik_House_v1\artisan(35): Illuminate\Foundation\Console\Kernel->handle(Object(Symfony\Component\Console\Input\ArgvInput), Object(Symfony\Component\Console\Output\ConsoleOutput))
#22 {main}  
